Using pre-set license
Built from '6000.0/staging' branch; Version is '6000.0.38f1 (82314a941f2d) revision 8532298'; Using compiler version '193933523'; Build Type 'Release'
OS: 'Windows 10  (10.0.19045) 64bit Professional' Language: 'pt' Physical Memory: 7880 MB
BatchMode: 1, IsHumanControllingUs: 0, StartBugReporterOnCrash: 0, Is64bit: 1, IsPro: 1

COMMAND LINE ARGUMENTS:
C:\Program Files\Unity 6000.0.38f1\Editor\Unity.exe
-adb2
-batchMode
-noUpm
-name
AssetImportWorker30
-projectPath
C:/Users/25027230/My project
-logFile
Logs/AssetImportWorker30.log
-srvPort
64929
-job-worker-count
9
-background-job-worker-count
8
-gc-helper-count
1
Successfully changed project path to: C:/Users/25027230/My project
C:/Users/25027230/My project
[UnityMemory] Configuration Parameters - Can be set up in boot.config
    "memorysetup-bucket-allocator-granularity=16"
    "memorysetup-bucket-allocator-bucket-count=8"
    "memorysetup-bucket-allocator-block-size=33554432"
    "memorysetup-bucket-allocator-block-count=8"
    "memorysetup-main-allocator-block-size=16777216"
    "memorysetup-thread-allocator-block-size=16777216"
    "memorysetup-gfx-main-allocator-block-size=16777216"
    "memorysetup-gfx-thread-allocator-block-size=16777216"
    "memorysetup-cache-allocator-block-size=4194304"
    "memorysetup-typetree-allocator-block-size=2097152"
    "memorysetup-profiler-bucket-allocator-granularity=16"
    "memorysetup-profiler-bucket-allocator-bucket-count=8"
    "memorysetup-profiler-bucket-allocator-block-size=33554432"
    "memorysetup-profiler-bucket-allocator-block-count=8"
    "memorysetup-profiler-allocator-block-size=16777216"
    "memorysetup-profiler-editor-allocator-block-size=1048576"
    "memorysetup-temp-allocator-size-main=16777216"
    "memorysetup-job-temp-allocator-block-size=2097152"
    "memorysetup-job-temp-allocator-block-size-background=1048576"
    "memorysetup-job-temp-allocator-reduction-small-platforms=262144"
    "memorysetup-allocator-temp-initial-block-size-main=262144"
    "memorysetup-allocator-temp-initial-block-size-worker=262144"
    "memorysetup-temp-allocator-size-background-worker=32768"
    "memorysetup-temp-allocator-size-job-worker=262144"
    "memorysetup-temp-allocator-size-preload-manager=33554432"
    "memorysetup-temp-allocator-size-nav-mesh-worker=65536"
    "memorysetup-temp-allocator-size-audio-worker=65536"
    "memorysetup-temp-allocator-size-cloud-worker=32768"
    "memorysetup-temp-allocator-size-gi-baking-worker=262144"
    "memorysetup-temp-allocator-size-gi-baking-worker=262144"
    "memorysetup-temp-allocator-size-gi-baking-worker=262144"
    "memorysetup-temp-allocator-size-gi-baking-worker=262144"
    "memorysetup-temp-allocator-size-gi-baking-worker=262144"
    "memorysetup-temp-allocator-size-gfx=262144"
Player connection [6404]  Target information:

Player connection [6404]  * "[IP] 10.1.34.73 [Port] 0 [Flags] 2 [Guid] 2686851020 [EditorId] 2686851020 [Version] 1048832 [Id] WindowsEditor(7,350-20) [Debug] 1 [PackageName] WindowsEditor [ProjectName] Editor" 

Player connection [6404]  * "[IP] 192.168.56.1 [Port] 0 [Flags] 2 [Guid] 2686851020 [EditorId] 2686851020 [Version] 1048832 [Id] WindowsEditor(7,350-20) [Debug] 1 [PackageName] WindowsEditor [ProjectName] Editor" 

Player connection [6404]  * "[IP] 172.26.48.1 [Port] 0 [Flags] 2 [Guid] 2686851020 [EditorId] 2686851020 [Version] 1048832 [Id] WindowsEditor(7,350-20) [Debug] 1 [PackageName] WindowsEditor [ProjectName] Editor" 

Player connection [6404] Host joined multi-casting on [225.0.0.222:54997]...
Player connection [6404] Host joined alternative multi-casting on [225.0.0.222:34997]...
JobSystem: Creating JobQueue using job-worker-count value 9
Input System module state changed to: Initialized.
[Physics::Module] Initialized fallback backend.
[Physics::Module] Id: 0xdecafbad
Library Redirect Path: Library/
[Physics::Module] Selected backend.
[Physics::Module] Name: PhysX
[Physics::Module] Id: 0xf2b8ea05
[Physics::Module] SDK Version: 4.1.2
[Physics::Module] Integration Version: 1.0.0
[Physics::Module] Threading Mode: Multi-Threaded
Refreshing native plugins compatible for Editor in 3.62 ms, found 3 plugins.
Preloading 0 native plugins for Editor in 0.00 ms.
Initialize engine version: 6000.0.38f1 (82314a941f2d)
[Subsystems] Discovering subsystems at path C:/Program Files/Unity 6000.0.38f1/Editor/Data/Resources/UnitySubsystems
[Subsystems] Discovering subsystems at path C:/Users/25027230/My project/Assets
GfxDevice: creating device client; kGfxThreadingModeNonThreaded
Direct3D:
    Version:  Direct3D 11.0 [level 11.1]
    Renderer: Intel(R) UHD Graphics 770 (ID=0x4680)
    Vendor:   Intel
    VRAM:     3940 MB
    Driver:   32.0.101.6078
Initialize mono
Mono path[0] = 'C:/Program Files/Unity 6000.0.38f1/Editor/Data/Managed'
Mono path[1] = 'C:/Program Files/Unity 6000.0.38f1/Editor/Data/MonoBleedingEdge/lib/mono/unityjit-win32'
Mono config path = 'C:/Program Files/Unity 6000.0.38f1/Editor/Data/MonoBleedingEdge/etc'
Using monoOptions --debugger-agent=transport=dt_socket,embedding=1,server=y,suspend=n,address=127.0.0.1:56808
Begin MonoManager ReloadAssembly
Registering precompiled unity dll's ...
Register platform support module: C:/Program Files/Unity 6000.0.38f1/Editor/Data/PlaybackEngines/WebGLSupport/UnityEditor.WebGL.Extensions.dll
Register platform support module: C:/Program Files/Unity 6000.0.38f1/Editor/Data/PlaybackEngines/VisionOSPlayer/UnityEditor.VisionOS.Extensions.dll
Register platform support module: C:/Program Files/Unity 6000.0.38f1/Editor/Data/PlaybackEngines/WindowsStandaloneSupport/UnityEditor.WindowsStandalone.Extensions.dll
Register platform support module: C:/Program Files/Unity 6000.0.38f1/Editor/Data/PlaybackEngines/MetroSupport/UnityEditor.UWP.Extensions.dll
Register platform support module: C:/Program Files/Unity 6000.0.38f1/Editor/Data/PlaybackEngines/AndroidPlayer/UnityEditor.Android.Extensions.dll
Register platform support module: C:/Program Files/Unity 6000.0.38f1/Editor/Data/PlaybackEngines/iOSSupport/UnityEditor.iOS.Extensions.dll
Register platform support module: C:/Program Files/Unity 6000.0.38f1/Editor/Data/PlaybackEngines/LinuxStandaloneSupport/UnityEditor.LinuxStandalone.Extensions.dll
Registered in 0.023306 seconds.
- Loaded All Assemblies, in  0.677 seconds
Native extension for LinuxStandalone target not found
[usbmuxd] Start listen thread
[usbmuxd] Listen thread started
Native extension for iOS target not found
Native extension for Android target not found
Native extension for UWP target not found
Native extension for WindowsStandalone target not found
Failed to load: C:/Program Files/Unity 6000.0.38f1/Editor/Data/PlaybackEngines/VisionOSPlayer\x64\UnityEditor.VisionOS.Native.dll
Native extension for VisionOS target not found
Native extension for WebGL target not found
Mono: successfully reloaded assembly
- Finished resetting the current domain, in  0.563 seconds
Domain Reload Profiling: 1235ms
	BeginReloadAssembly (240ms)
		ExecutionOrderSort (0ms)
		DisableScriptedObjects (0ms)
		BackupInstance (0ms)
		ReleaseScriptingObjects (0ms)
		CreateAndSetChildDomain (1ms)
	RebuildCommonClasses (48ms)
	RebuildNativeTypeToScriptingClass (17ms)
	initialDomainReloadingComplete (98ms)
	LoadAllAssembliesAndSetupDomain (268ms)
		LoadAssemblies (238ms)
		RebuildTransferFunctionScriptingTraits (0ms)
		AnalyzeDomain (260ms)
			TypeCache.Refresh (258ms)
				TypeCache.ScanAssembly (239ms)
			BuildScriptInfoCaches (0ms)
			ResolveRequiredComponents (1ms)
	FinalizeReload (564ms)
		ReleaseScriptCaches (0ms)
		RebuildScriptCaches (0ms)
		SetupLoadedEditorAssemblies (501ms)
			LogAssemblyErrors (0ms)
			InitializePlatformSupportModulesInManaged (173ms)
			SetLoadedEditorAssemblies (5ms)
			BeforeProcessingInitializeOnLoad (74ms)
			ProcessInitializeOnLoadAttributes (168ms)
			ProcessInitializeOnLoadMethodAttributes (81ms)
			AfterProcessingInitializeOnLoad (0ms)
			EditorAssembliesLoaded (0ms)
		ExecutionOrderSort2 (0ms)
		AwakeInstancesAfterBackupRestoration (0ms)
========================================================================
Worker process is ready to serve import requests
Import Worker Mode flag is 0x00
Begin MonoManager ReloadAssembly
- Loaded All Assemblies, in  1.330 seconds
Refreshing native plugins compatible for Editor in 3.74 ms, found 3 plugins.
Native extension for LinuxStandalone target not found
Native extension for iOS target not found
Native extension for Android target not found
Native extension for UWP target not found
Native extension for WindowsStandalone target not found
Failed to load: C:/Program Files/Unity 6000.0.38f1/Editor/Data/PlaybackEngines/VisionOSPlayer\x64\UnityEditor.VisionOS.Native.dll
Native extension for VisionOS target not found
Native extension for WebGL target not found
Refreshing native plugins compatible for Editor in 15.80 ms, found 3 plugins.
Mono: successfully reloaded assembly
- Finished resetting the current domain, in  1.392 seconds
Domain Reload Profiling: 2727ms
	BeginReloadAssembly (245ms)
		ExecutionOrderSort (0ms)
		DisableScriptedObjects (9ms)
		BackupInstance (0ms)
		ReleaseScriptingObjects (0ms)
		CreateAndSetChildDomain (38ms)
	RebuildCommonClasses (49ms)
	RebuildNativeTypeToScriptingClass (16ms)
	initialDomainReloadingComplete (60ms)
	LoadAllAssembliesAndSetupDomain (950ms)
		LoadAssemblies (705ms)
		RebuildTransferFunctionScriptingTraits (0ms)
		AnalyzeDomain (397ms)
			TypeCache.Refresh (304ms)
				TypeCache.ScanAssembly (275ms)
			BuildScriptInfoCaches (73ms)
			ResolveRequiredComponents (15ms)
	FinalizeReload (1408ms)
		ReleaseScriptCaches (0ms)
		RebuildScriptCaches (0ms)
		SetupLoadedEditorAssemblies (1051ms)
			LogAssemblyErrors (0ms)
			InitializePlatformSupportModulesInManaged (49ms)
			SetLoadedEditorAssemblies (4ms)
			BeforeProcessingInitializeOnLoad (145ms)
			ProcessInitializeOnLoadAttributes (670ms)
			ProcessInitializeOnLoadMethodAttributes (156ms)
			AfterProcessingInitializeOnLoad (26ms)
			EditorAssembliesLoaded (0ms)
		ExecutionOrderSort2 (0ms)
		AwakeInstancesAfterBackupRestoration (12ms)
Launched and connected shader compiler UnityShaderCompiler.exe after 0.02 seconds
Refreshing native plugins compatible for Editor in 2.33 ms, found 3 plugins.
Preloading 0 native plugins for Editor in 0.00 ms.
Unloading 273 Unused Serialized files (Serialized files now loaded: 0)
Unloading 5991 unused Assets / (6.7 MB). Loaded Objects now: 6731.
Memory consumption went from 200.2 MB to 193.5 MB.
Total: 15.250400 ms (FindLiveObjects: 1.348300 ms CreateObjectMapping: 0.603400 ms MarkObjects: 8.060700 ms  DeleteObjects: 5.234100 ms)

========================================================================
Received Import Request.
  Time since last request: 34305.118402 seconds.
  path: Assets/3D Road Tiles/Materials/Grey_Asphalt.mat
  artifactKey: Guid(9236a0d2d41ce5542b0e1761b09858a2) Importer(815301076,1909f56bfc062723c751e8b465ee728b)
Start importing Assets/3D Road Tiles/Materials/Grey_Asphalt.mat using Guid(9236a0d2d41ce5542b0e1761b09858a2) Importer(815301076,1909f56bfc062723c751e8b465ee728b) (PreviewImporter) -> (artifact id: 'a4034b752b2a8ff12b180463d73aaa5c') in 0.8367662 seconds
Number of updated asset objects reloaded before import = 0Number of asset objects unloaded after import = 4

========================================================================
Received Import Request.
  Time since last request: 22.837762 seconds.
  path: Assets/3D Road Tiles/roadTile_019.obj
  artifactKey: Guid(99ab63b2208b99e42b492e24425d6260) Importer(815301076,1909f56bfc062723c751e8b465ee728b)
Start importing Assets/3D Road Tiles/roadTile_019.obj using Guid(99ab63b2208b99e42b492e24425d6260) Importer(815301076,1909f56bfc062723c751e8b465ee728b) (PreviewImporter) -> (artifact id: '4e82f1545391c083f14e7270050b4dca') in 0.0988961 seconds
Number of updated asset objects reloaded before import = 0Number of asset objects unloaded after import = 11

========================================================================
Received Import Request.
  Time since last request: 0.538381 seconds.
  path: Assets/3D Road Tiles/roadTile_024.obj
  artifactKey: Guid(b534ce9b13d7bdf4f909e11669efdb9c) Importer(815301076,1909f56bfc062723c751e8b465ee728b)
Start importing Assets/3D Road Tiles/roadTile_024.obj using Guid(b534ce9b13d7bdf4f909e11669efdb9c) Importer(815301076,1909f56bfc062723c751e8b465ee728b) (PreviewImporter) -> (artifact id: '217bb9fe24ec2f66315504bf34ac0a1c') in 0.0422247 seconds
Number of updated asset objects reloaded before import = 0Number of asset objects unloaded after import = 11

========================================================================
Received Import Request.
  Time since last request: 8.016057 seconds.
  path: Assets/3D Road Tiles/roadTile_029.obj
  artifactKey: Guid(37f32770f165e4b4eb9ed38735312cd2) Importer(815301076,1909f56bfc062723c751e8b465ee728b)
Start importing Assets/3D Road Tiles/roadTile_029.obj using Guid(37f32770f165e4b4eb9ed38735312cd2) Importer(815301076,1909f56bfc062723c751e8b465ee728b) (PreviewImporter) -> (artifact id: '0e90156634f5926f1fd0dccf5c821e9f') in 0.0360701 seconds
Number of updated asset objects reloaded before import = 0Number of asset objects unloaded after import = 10

========================================================================
Received Import Request.
  Time since last request: 20.484312 seconds.
  path: Assets/3D Road Tiles/roadTile_034.obj
  artifactKey: Guid(732c1a58217e3ee4eb62137f787980d7) Importer(815301076,1909f56bfc062723c751e8b465ee728b)
Start importing Assets/3D Road Tiles/roadTile_034.obj using Guid(732c1a58217e3ee4eb62137f787980d7) Importer(815301076,1909f56bfc062723c751e8b465ee728b) (PreviewImporter) -> (artifact id: 'a59afad13b1b5921036a8f3f4d59113d') in 0.0401307 seconds
Number of updated asset objects reloaded before import = 0Number of asset objects unloaded after import = 12

========================================================================
Received Import Request.
  Time since last request: 0.000039 seconds.
  path: Assets/3D Road Tiles/roadTile_036.obj
  artifactKey: Guid(c69fd66ac98ac7e458b9b289bd91a74f) Importer(815301076,1909f56bfc062723c751e8b465ee728b)
Start importing Assets/3D Road Tiles/roadTile_036.obj using Guid(c69fd66ac98ac7e458b9b289bd91a74f) Importer(815301076,1909f56bfc062723c751e8b465ee728b) (PreviewImporter) -> (artifact id: '4b0e39b52b7b1774b340b7743753db6b') in 0.0361986 seconds
Number of updated asset objects reloaded before import = 0Number of asset objects unloaded after import = 10

========================================================================
Received Import Request.
  Time since last request: 0.000036 seconds.
  path: Assets/3D Road Tiles/roadTile_045.obj
  artifactKey: Guid(9e0e58ab82292274e93fdc47be655ccc) Importer(815301076,1909f56bfc062723c751e8b465ee728b)
Start importing Assets/3D Road Tiles/roadTile_045.obj using Guid(9e0e58ab82292274e93fdc47be655ccc) Importer(815301076,1909f56bfc062723c751e8b465ee728b) (PreviewImporter) -> (artifact id: '6ad72a81e78fffb56a49c8ff445eaf28') in 0.0418835 seconds
Number of updated asset objects reloaded before import = 0Number of asset objects unloaded after import = 12

========================================================================
Received Import Request.
  Time since last request: 0.000065 seconds.
  path: Assets/3D Road Tiles/roadTile_037.obj
  artifactKey: Guid(b174264f474c3624c8be769a04e5cda9) Importer(815301076,1909f56bfc062723c751e8b465ee728b)
Start importing Assets/3D Road Tiles/roadTile_037.obj using Guid(b174264f474c3624c8be769a04e5cda9) Importer(815301076,1909f56bfc062723c751e8b465ee728b) (PreviewImporter) -> (artifact id: '4fe6059f02bcd5d024eeba6a8120c0ee') in 0.0369329 seconds
Number of updated asset objects reloaded before import = 0Number of asset objects unloaded after import = 10

========================================================================
Received Import Request.
  Time since last request: 0.000073 seconds.
  path: Assets/3D Road Tiles/roadTile_065.obj
  artifactKey: Guid(0c4f682127f228b42ae13e82e89551b1) Importer(815301076,1909f56bfc062723c751e8b465ee728b)
Start importing Assets/3D Road Tiles/roadTile_065.obj using Guid(0c4f682127f228b42ae13e82e89551b1) Importer(815301076,1909f56bfc062723c751e8b465ee728b) (PreviewImporter) -> (artifact id: 'a706e6070b4f6c7f3c4b7392a02b9d93') in 0.0372998 seconds
Number of updated asset objects reloaded before import = 0Number of asset objects unloaded after import = 11

========================================================================
Received Import Request.
  Time since last request: 0.000068 seconds.
  path: Assets/3D Road Tiles/roadTile_067.obj
  artifactKey: Guid(576b75cc7c3d31c4aaf44a2d0c8397e2) Importer(815301076,1909f56bfc062723c751e8b465ee728b)
Start importing Assets/3D Road Tiles/roadTile_067.obj using Guid(576b75cc7c3d31c4aaf44a2d0c8397e2) Importer(815301076,1909f56bfc062723c751e8b465ee728b) (PreviewImporter) -> (artifact id: '0a21b63b327fe5c8ff382b89ef328e07') in 0.038566 seconds
Number of updated asset objects reloaded before import = 0Number of asset objects unloaded after import = 11

========================================================================
Received Import Request.
  Time since last request: 0.000073 seconds.
  path: Assets/3D Road Tiles/roadTile_060.obj
  artifactKey: Guid(0169c2739920ed944b3233fa45fcc755) Importer(815301076,1909f56bfc062723c751e8b465ee728b)
Start importing Assets/3D Road Tiles/roadTile_060.obj using Guid(0169c2739920ed944b3233fa45fcc755) Importer(815301076,1909f56bfc062723c751e8b465ee728b) (PreviewImporter) -> (artifact id: '0044d619ac0bcf7d00727f23e8da991c') in 0.035278 seconds
Number of updated asset objects reloaded before import = 0Number of asset objects unloaded after import = 11

========================================================================
Received Import Request.
  Time since last request: 0.000086 seconds.
  path: Assets/3D Road Tiles/roadTile_073.obj
  artifactKey: Guid(072e6bd43f36231418217e7e053766a1) Importer(815301076,1909f56bfc062723c751e8b465ee728b)
Start importing Assets/3D Road Tiles/roadTile_073.obj using Guid(072e6bd43f36231418217e7e053766a1) Importer(815301076,1909f56bfc062723c751e8b465ee728b) (PreviewImporter) -> (artifact id: 'a1e8c71d2613e57fefa199b0e3d57e80') in 0.0345685 seconds
Number of updated asset objects reloaded before import = 0Number of asset objects unloaded after import = 11

========================================================================
Received Import Request.
  Time since last request: 0.000040 seconds.
  path: Assets/3D Road Tiles/roadTile_080.obj
  artifactKey: Guid(8d367483d9a690b478f6d26a9cbee756) Importer(815301076,1909f56bfc062723c751e8b465ee728b)
Start importing Assets/3D Road Tiles/roadTile_080.obj using Guid(8d367483d9a690b478f6d26a9cbee756) Importer(815301076,1909f56bfc062723c751e8b465ee728b) (PreviewImporter) -> (artifact id: '1867fb5bc1ba8679b311df725996f2e4') in 0.0335005 seconds
Number of updated asset objects reloaded before import = 0Number of asset objects unloaded after import = 11

========================================================================
Received Import Request.
  Time since last request: 0.000039 seconds.
  path: Assets/3D Road Tiles/roadTile_094.obj
  artifactKey: Guid(7dcac3131ddf760488e199b847a32239) Importer(815301076,1909f56bfc062723c751e8b465ee728b)
Start importing Assets/3D Road Tiles/roadTile_094.obj using Guid(7dcac3131ddf760488e199b847a32239) Importer(815301076,1909f56bfc062723c751e8b465ee728b) (PreviewImporter) -> (artifact id: '1954b0db6a4cdd4b1b1c070b10766068') in 0.0375468 seconds
Number of updated asset objects reloaded before import = 0Number of asset objects unloaded after import = 11

========================================================================
Received Import Request.
  Time since last request: 0.000063 seconds.
  path: Assets/3D Road Tiles/roadTile_082.obj
  artifactKey: Guid(c4f2d6f1bdbb09049bd2c31f6b8f921c) Importer(815301076,1909f56bfc062723c751e8b465ee728b)
Start importing Assets/3D Road Tiles/roadTile_082.obj using Guid(c4f2d6f1bdbb09049bd2c31f6b8f921c) Importer(815301076,1909f56bfc062723c751e8b465ee728b) (PreviewImporter) -> (artifact id: 'cf11cb42b0a1ed3aa37776d5bda10f31') in 0.0409488 seconds
Number of updated asset objects reloaded before import = 0Number of asset objects unloaded after import = 11

========================================================================
Received Import Request.
  Time since last request: 0.000061 seconds.
  path: Assets/3D Road Tiles/roadTile_090.obj
  artifactKey: Guid(a9601f4c21d13e04ba025e10b9c19c54) Importer(815301076,1909f56bfc062723c751e8b465ee728b)
Start importing Assets/3D Road Tiles/roadTile_090.obj using Guid(a9601f4c21d13e04ba025e10b9c19c54) Importer(815301076,1909f56bfc062723c751e8b465ee728b) (PreviewImporter) -> (artifact id: '0d8a6126d36edad384f304694a97a2f8') in 0.0402314 seconds
Number of updated asset objects reloaded before import = 0Number of asset objects unloaded after import = 11

========================================================================
Received Import Request.
  Time since last request: 0.000032 seconds.
  path: Assets/3D Road Tiles/roadTile_101.obj
  artifactKey: Guid(5e7ab825c9a862a47a1514de611bab73) Importer(815301076,1909f56bfc062723c751e8b465ee728b)
Start importing Assets/3D Road Tiles/roadTile_101.obj using Guid(5e7ab825c9a862a47a1514de611bab73) Importer(815301076,1909f56bfc062723c751e8b465ee728b) (PreviewImporter) -> (artifact id: 'c135b336153e50a514d443c322fceff5') in 0.040144 seconds
Number of updated asset objects reloaded before import = 0Number of asset objects unloaded after import = 11

========================================================================
Received Import Request.
  Time since last request: 0.000041 seconds.
  path: Assets/3D Road Tiles/roadTile_102.obj
  artifactKey: Guid(21257777e99b2454c8b027256a1d0f84) Importer(815301076,1909f56bfc062723c751e8b465ee728b)
Start importing Assets/3D Road Tiles/roadTile_102.obj using Guid(21257777e99b2454c8b027256a1d0f84) Importer(815301076,1909f56bfc062723c751e8b465ee728b) (PreviewImporter) -> (artifact id: '9977c3ef402fe87ff617858dfeaadd33') in 0.0394266 seconds
Number of updated asset objects reloaded before import = 0Number of asset objects unloaded after import = 11

========================================================================
Received Import Request.
  Time since last request: 0.000053 seconds.
  path: Assets/3D Road Tiles/roadTile_057.obj
  artifactKey: Guid(d6e1ab7776d6c944a8419515287589aa) Importer(815301076,1909f56bfc062723c751e8b465ee728b)
Start importing Assets/3D Road Tiles/roadTile_057.obj using Guid(d6e1ab7776d6c944a8419515287589aa) Importer(815301076,1909f56bfc062723c751e8b465ee728b) (PreviewImporter) -> (artifact id: '1df01b052219a06a0f268813746e131f') in 0.0425536 seconds
Number of updated asset objects reloaded before import = 0Number of asset objects unloaded after import = 12

========================================================================
Received Import Request.
  Time since last request: 0.098588 seconds.
  path: Assets/3D Road Tiles/roadTile_109.obj
  artifactKey: Guid(d137d97e9266dcb45b496409b7862999) Importer(815301076,1909f56bfc062723c751e8b465ee728b)
Start importing Assets/3D Road Tiles/roadTile_109.obj using Guid(d137d97e9266dcb45b496409b7862999) Importer(815301076,1909f56bfc062723c751e8b465ee728b) (PreviewImporter) -> (artifact id: 'e5433aaf0adec11fd33216e871ace642') in 0.0405808 seconds
Number of updated asset objects reloaded before import = 0Number of asset objects unloaded after import = 12

========================================================================
Received Import Request.
  Time since last request: 0.000045 seconds.
  path: Assets/3D Road Tiles/roadTile_113.obj
  artifactKey: Guid(2a918ab9775701b4a8c3f1ed7d0560cf) Importer(815301076,1909f56bfc062723c751e8b465ee728b)
Start importing Assets/3D Road Tiles/roadTile_113.obj using Guid(2a918ab9775701b4a8c3f1ed7d0560cf) Importer(815301076,1909f56bfc062723c751e8b465ee728b) (PreviewImporter) -> (artifact id: 'b2603111eeaa38b2ec0bf11df25affad') in 0.0397633 seconds
Number of updated asset objects reloaded before import = 0Number of asset objects unloaded after import = 11

========================================================================
Received Import Request.
  Time since last request: 0.000036 seconds.
  path: Assets/3D Road Tiles/roadTile_118.obj
  artifactKey: Guid(503f55c32e63ac5498049dbae7648ca7) Importer(815301076,1909f56bfc062723c751e8b465ee728b)
Start importing Assets/3D Road Tiles/roadTile_118.obj using Guid(503f55c32e63ac5498049dbae7648ca7) Importer(815301076,1909f56bfc062723c751e8b465ee728b) (PreviewImporter) -> (artifact id: 'dd75b1d868ad3a40edc0b6abfc2a352d') in 0.0367416 seconds
Number of updated asset objects reloaded before import = 0Number of asset objects unloaded after import = 11

========================================================================
Received Import Request.
  Time since last request: 1.103357 seconds.
  path: Assets/3D Road Tiles/roadTile_124.obj
  artifactKey: Guid(eb2e978c91b02c34099ccfb080feafe2) Importer(815301076,1909f56bfc062723c751e8b465ee728b)
Start importing Assets/3D Road Tiles/roadTile_124.obj using Guid(eb2e978c91b02c34099ccfb080feafe2) Importer(815301076,1909f56bfc062723c751e8b465ee728b) (PreviewImporter) -> (artifact id: '063f5248a44e61ddf2c086582c23bcf5') in 0.0467448 seconds
Number of updated asset objects reloaded before import = 0Number of asset objects unloaded after import = 11

========================================================================
Received Import Request.
  Time since last request: 0.000060 seconds.
  path: Assets/3D Road Tiles/roadTile_129.obj
  artifactKey: Guid(3c9456c2f99186643ba6a668da85c57c) Importer(815301076,1909f56bfc062723c751e8b465ee728b)
Start importing Assets/3D Road Tiles/roadTile_129.obj using Guid(3c9456c2f99186643ba6a668da85c57c) Importer(815301076,1909f56bfc062723c751e8b465ee728b) (PreviewImporter) -> (artifact id: '4fbc34a683120230698e55feab2dd5a1') in 0.0366489 seconds
Number of updated asset objects reloaded before import = 0Number of asset objects unloaded after import = 12

========================================================================
Received Import Request.
  Time since last request: 3.265330 seconds.
  path: Assets/3D Road Tiles/roadTile_134.obj
  artifactKey: Guid(da392a5eb50e1b7489f8be3c9e6aa50a) Importer(815301076,1909f56bfc062723c751e8b465ee728b)
Start importing Assets/3D Road Tiles/roadTile_134.obj using Guid(da392a5eb50e1b7489f8be3c9e6aa50a) Importer(815301076,1909f56bfc062723c751e8b465ee728b) (PreviewImporter) -> (artifact id: '1c01edcb33a389a25ba2603e6f8934c2') in 0.0392598 seconds
Number of updated asset objects reloaded before import = 0Number of asset objects unloaded after import = 11

========================================================================
Received Import Request.
  Time since last request: 0.318144 seconds.
  path: Assets/3D Road Tiles/roadTile_139.obj
  artifactKey: Guid(cbff12669464cc24d9d56b8b2da6e684) Importer(815301076,1909f56bfc062723c751e8b465ee728b)
Start importing Assets/3D Road Tiles/roadTile_139.obj using Guid(cbff12669464cc24d9d56b8b2da6e684) Importer(815301076,1909f56bfc062723c751e8b465ee728b) (PreviewImporter) -> (artifact id: 'b0ba953282bd657dbc0a9b01c7573adc') in 0.0383371 seconds
Number of updated asset objects reloaded before import = 0Number of asset objects unloaded after import = 11

========================================================================
Received Import Request.
  Time since last request: 1.796570 seconds.
  path: Assets/3D Road Tiles/roadTile_144.obj
  artifactKey: Guid(0d5d2982ba1b6e44980beb5a9b8577cf) Importer(815301076,1909f56bfc062723c751e8b465ee728b)
Start importing Assets/3D Road Tiles/roadTile_144.obj using Guid(0d5d2982ba1b6e44980beb5a9b8577cf) Importer(815301076,1909f56bfc062723c751e8b465ee728b) (PreviewImporter) -> (artifact id: 'aecbe8565f6f67e1e095a1b591508916') in 0.0434091 seconds
Number of updated asset objects reloaded before import = 0Number of asset objects unloaded after import = 12

========================================================================
Received Import Request.
  Time since last request: 0.179284 seconds.
  path: Assets/3D Road Tiles/roadTile_149.obj
  artifactKey: Guid(0bf83fb466df997418a5aed3f9d42b46) Importer(815301076,1909f56bfc062723c751e8b465ee728b)
Start importing Assets/3D Road Tiles/roadTile_149.obj using Guid(0bf83fb466df997418a5aed3f9d42b46) Importer(815301076,1909f56bfc062723c751e8b465ee728b) (PreviewImporter) -> (artifact id: 'ffc1086c536e7b18eaad292b60d3eccf') in 0.0459521 seconds
Number of updated asset objects reloaded before import = 0Number of asset objects unloaded after import = 12

========================================================================
Received Import Request.
  Time since last request: 0.878380 seconds.
  path: Assets/3D Road Tiles/roadTile_154.obj
  artifactKey: Guid(17910420ba5c10d4381336503fd3f2f6) Importer(815301076,1909f56bfc062723c751e8b465ee728b)
Start importing Assets/3D Road Tiles/roadTile_154.obj using Guid(17910420ba5c10d4381336503fd3f2f6) Importer(815301076,1909f56bfc062723c751e8b465ee728b) (PreviewImporter) -> (artifact id: '9a0e22cad28bde550d5ebd799568c6d7') in 0.0445419 seconds
Number of updated asset objects reloaded before import = 0Number of asset objects unloaded after import = 12

========================================================================
Received Import Request.
  Time since last request: 0.051821 seconds.
  path: Assets/3D Road Tiles/roadTile_159.obj
  artifactKey: Guid(fab01cef6df02504996e9643d6bec6b2) Importer(815301076,1909f56bfc062723c751e8b465ee728b)
Start importing Assets/3D Road Tiles/roadTile_159.obj using Guid(fab01cef6df02504996e9643d6bec6b2) Importer(815301076,1909f56bfc062723c751e8b465ee728b) (PreviewImporter) -> (artifact id: 'a406fdd5fd929bfbd2c56ed408a07b88') in 0.0430429 seconds
Number of updated asset objects reloaded before import = 0Number of asset objects unloaded after import = 11

========================================================================
Received Import Request.
  Time since last request: 2.426731 seconds.
  path: Assets/3D Road Tiles/roadTile_164.obj
  artifactKey: Guid(3fdd2c5747ea48344bb70185496669c7) Importer(815301076,1909f56bfc062723c751e8b465ee728b)
Start importing Assets/3D Road Tiles/roadTile_164.obj using Guid(3fdd2c5747ea48344bb70185496669c7) Importer(815301076,1909f56bfc062723c751e8b465ee728b) (PreviewImporter) -> (artifact id: 'e54c5b5491b9ac3f4164d1a75d95852f') in 0.0440731 seconds
Number of updated asset objects reloaded before import = 0Number of asset objects unloaded after import = 12

========================================================================
Received Import Request.
  Time since last request: 0.053548 seconds.
  path: Assets/3D Road Tiles/roadTile_169.obj
  artifactKey: Guid(02ce35b9eb1a9ec43b04d213aa6da845) Importer(815301076,1909f56bfc062723c751e8b465ee728b)
Start importing Assets/3D Road Tiles/roadTile_169.obj using Guid(02ce35b9eb1a9ec43b04d213aa6da845) Importer(815301076,1909f56bfc062723c751e8b465ee728b) (PreviewImporter) -> (artifact id: '01f4f31d56683a022c1070b3cf6918b5') in 0.0415592 seconds
Number of updated asset objects reloaded before import = 0Number of asset objects unloaded after import = 11

========================================================================
Received Import Request.
  Time since last request: 1.276607 seconds.
  path: Assets/3D Road Tiles/roadTile_174.obj
  artifactKey: Guid(4c12242327ebc8f49bda77b5a876aee9) Importer(815301076,1909f56bfc062723c751e8b465ee728b)
Start importing Assets/3D Road Tiles/roadTile_174.obj using Guid(4c12242327ebc8f49bda77b5a876aee9) Importer(815301076,1909f56bfc062723c751e8b465ee728b) (PreviewImporter) -> (artifact id: 'fac7465aa43eb9063dcb3444e6477196') in 0.042845 seconds
Number of updated asset objects reloaded before import = 0Number of asset objects unloaded after import = 11

========================================================================
Received Import Request.
  Time since last request: 2.243809 seconds.
  path: Assets/3D Road Tiles/roadTile_179.obj
  artifactKey: Guid(14568c8d491dc7044b623ee21c08efe7) Importer(815301076,1909f56bfc062723c751e8b465ee728b)
Start importing Assets/3D Road Tiles/roadTile_179.obj using Guid(14568c8d491dc7044b623ee21c08efe7) Importer(815301076,1909f56bfc062723c751e8b465ee728b) (PreviewImporter) -> (artifact id: 'c252cdd0dd8653fd56d81ac559981518') in 0.0456117 seconds
Number of updated asset objects reloaded before import = 0Number of asset objects unloaded after import = 12

========================================================================
Received Import Request.
  Time since last request: 0.694482 seconds.
  path: Assets/3D Road Tiles/roadTile_184.obj
  artifactKey: Guid(11b3ea27457fc0f42aef0fae3c134893) Importer(815301076,1909f56bfc062723c751e8b465ee728b)
Start importing Assets/3D Road Tiles/roadTile_184.obj using Guid(11b3ea27457fc0f42aef0fae3c134893) Importer(815301076,1909f56bfc062723c751e8b465ee728b) (PreviewImporter) -> (artifact id: '2f41bece070cabdf0ddb213a5c19a85f') in 0.0469703 seconds
Number of updated asset objects reloaded before import = 0Number of asset objects unloaded after import = 12

========================================================================
Received Import Request.
  Time since last request: 2.492366 seconds.
  path: Assets/3D Road Tiles/roadTile_189.obj
  artifactKey: Guid(305c0469452984841ac72ed56db8d8e7) Importer(815301076,1909f56bfc062723c751e8b465ee728b)
Start importing Assets/3D Road Tiles/roadTile_189.obj using Guid(305c0469452984841ac72ed56db8d8e7) Importer(815301076,1909f56bfc062723c751e8b465ee728b) (PreviewImporter) -> (artifact id: '15141cf4347e67f6d5ced820fc77b7a3') in 0.0388323 seconds
Number of updated asset objects reloaded before import = 0Number of asset objects unloaded after import = 11

========================================================================
Received Import Request.
  Time since last request: 1.465882 seconds.
  path: Assets/3D Road Tiles/roadTile_194.obj
  artifactKey: Guid(b52e5ec98d5429e4e87d950b5e312c28) Importer(815301076,1909f56bfc062723c751e8b465ee728b)
Start importing Assets/3D Road Tiles/roadTile_194.obj using Guid(b52e5ec98d5429e4e87d950b5e312c28) Importer(815301076,1909f56bfc062723c751e8b465ee728b) (PreviewImporter) -> (artifact id: 'da15e74bc57aaea4381f9deabe4c7be2') in 0.0449761 seconds
Number of updated asset objects reloaded before import = 0Number of asset objects unloaded after import = 12

========================================================================
Received Import Request.
  Time since last request: 1.485731 seconds.
  path: Assets/3D Road Tiles/roadTile_199.obj
  artifactKey: Guid(63b494556777dac4c9add0783b3a4573) Importer(815301076,1909f56bfc062723c751e8b465ee728b)
Start importing Assets/3D Road Tiles/roadTile_199.obj using Guid(63b494556777dac4c9add0783b3a4573) Importer(815301076,1909f56bfc062723c751e8b465ee728b) (PreviewImporter) -> (artifact id: 'dd6b340b02b1f5151c8a2577b8cdb8ff') in 0.0412673 seconds
Number of updated asset objects reloaded before import = 0Number of asset objects unloaded after import = 11

========================================================================
Received Import Request.
  Time since last request: 0.000032 seconds.
  path: Assets/3D Road Tiles/roadTile_204.obj
  artifactKey: Guid(7ea7c51bc6b116e4a8ca80dd7f6bb425) Importer(815301076,1909f56bfc062723c751e8b465ee728b)
Start importing Assets/3D Road Tiles/roadTile_204.obj using Guid(7ea7c51bc6b116e4a8ca80dd7f6bb425) Importer(815301076,1909f56bfc062723c751e8b465ee728b) (PreviewImporter) -> (artifact id: 'ba909b241c1e0fa58018b593139fad98') in 0.0461005 seconds
Number of updated asset objects reloaded before import = 0Number of asset objects unloaded after import = 11

========================================================================
Received Import Request.
  Time since last request: 1459.281538 seconds.
  path: Assets/Prefab/Quarteirao5.prefab
  artifactKey: Guid(b7fbeb71350815149aa805f034c63062) Importer(815301076,1909f56bfc062723c751e8b465ee728b)
Start importing Assets/Prefab/Quarteirao5.prefab using Guid(b7fbeb71350815149aa805f034c63062) Importer(815301076,1909f56bfc062723c751e8b465ee728b) (PreviewImporter) -> (artifact id: '9c4dead86a59fc351d4c57e6722196af') in 0.0420097 seconds
Number of updated asset objects reloaded before import = 0Number of asset objects unloaded after import = 64

========================================================================
Received Import Request.
  Time since last request: 30.650854 seconds.
  path: Assets/Prefab/Quarteirao5.prefab
  artifactKey: Guid(b7fbeb71350815149aa805f034c63062) Importer(815301076,1909f56bfc062723c751e8b465ee728b)
Start importing Assets/Prefab/Quarteirao5.prefab using Guid(b7fbeb71350815149aa805f034c63062) Importer(815301076,1909f56bfc062723c751e8b465ee728b) (PreviewImporter) -> (artifact id: '3b6ebbd63f0ef5c8149b2b734791ec82') in 0.0232602 seconds
Number of updated asset objects reloaded before import = 0Number of asset objects unloaded after import = 64

========================================================================
Received Import Request.
  Time since last request: 1.368867 seconds.
  path: Assets/Prefab/Quarteirao5.prefab
  artifactKey: Guid(b7fbeb71350815149aa805f034c63062) Importer(815301076,1909f56bfc062723c751e8b465ee728b)
Start importing Assets/Prefab/Quarteirao5.prefab using Guid(b7fbeb71350815149aa805f034c63062) Importer(815301076,1909f56bfc062723c751e8b465ee728b) (PreviewImporter) -> (artifact id: 'cfe297335b1544740d43e3ebf21e5ca4') in 0.0201593 seconds
Number of updated asset objects reloaded before import = 0Number of asset objects unloaded after import = 64

========================================================================
Received Import Request.
  Time since last request: 1.233037 seconds.
  path: Assets/Prefab/Quarteirao5.prefab
  artifactKey: Guid(b7fbeb71350815149aa805f034c63062) Importer(815301076,1909f56bfc062723c751e8b465ee728b)
Start importing Assets/Prefab/Quarteirao5.prefab using Guid(b7fbeb71350815149aa805f034c63062) Importer(815301076,1909f56bfc062723c751e8b465ee728b) (PreviewImporter) -> (artifact id: '68dc2f508053e95f3ed44de63cccbc6d') in 0.021677 seconds
Number of updated asset objects reloaded before import = 0Number of asset objects unloaded after import = 64

========================================================================
Received Import Request.
  Time since last request: 0.778541 seconds.
  path: Assets/Prefab/Quarteirao5.prefab
  artifactKey: Guid(b7fbeb71350815149aa805f034c63062) Importer(815301076,1909f56bfc062723c751e8b465ee728b)
Start importing Assets/Prefab/Quarteirao5.prefab using Guid(b7fbeb71350815149aa805f034c63062) Importer(815301076,1909f56bfc062723c751e8b465ee728b) (PreviewImporter) -> (artifact id: '33998a15cd4b8c3d628ecfc53f5c893d') in 0.0218409 seconds
Number of updated asset objects reloaded before import = 0Number of asset objects unloaded after import = 64

========================================================================
Received Import Request.
  Time since last request: 1.599524 seconds.
  path: Assets/Prefab/Quarteirao5.prefab
  artifactKey: Guid(b7fbeb71350815149aa805f034c63062) Importer(815301076,1909f56bfc062723c751e8b465ee728b)
Start importing Assets/Prefab/Quarteirao5.prefab using Guid(b7fbeb71350815149aa805f034c63062) Importer(815301076,1909f56bfc062723c751e8b465ee728b) (PreviewImporter) -> (artifact id: '18ae6f5cac58269e80a1e1ee8bc9caec') in 0.0201733 seconds
Number of updated asset objects reloaded before import = 0Number of asset objects unloaded after import = 64

========================================================================
Received Import Request.
  Time since last request: 5.936149 seconds.
  path: Assets/Prefab/Quarteirao5.prefab
  artifactKey: Guid(b7fbeb71350815149aa805f034c63062) Importer(815301076,1909f56bfc062723c751e8b465ee728b)
Start importing Assets/Prefab/Quarteirao5.prefab using Guid(b7fbeb71350815149aa805f034c63062) Importer(815301076,1909f56bfc062723c751e8b465ee728b) (PreviewImporter) -> (artifact id: '93bac09e216f25279e00e0debb818120') in 0.021165 seconds
Number of updated asset objects reloaded before import = 0Number of asset objects unloaded after import = 64

========================================================================
Received Import Request.
  Time since last request: 19.547539 seconds.
  path: Assets/Prefab/Quarteirao5.prefab
  artifactKey: Guid(b7fbeb71350815149aa805f034c63062) Importer(815301076,1909f56bfc062723c751e8b465ee728b)
Start importing Assets/Prefab/Quarteirao5.prefab using Guid(b7fbeb71350815149aa805f034c63062) Importer(815301076,1909f56bfc062723c751e8b465ee728b) (PreviewImporter) -> (artifact id: 'dc5fa706a62f792271ba508fab85e142') in 0.0213049 seconds
Number of updated asset objects reloaded before import = 0Number of asset objects unloaded after import = 64

========================================================================
Received Import Request.
  Time since last request: 1.170960 seconds.
  path: Assets/Prefab/Quarteirao5.prefab
  artifactKey: Guid(b7fbeb71350815149aa805f034c63062) Importer(815301076,1909f56bfc062723c751e8b465ee728b)
Start importing Assets/Prefab/Quarteirao5.prefab using Guid(b7fbeb71350815149aa805f034c63062) Importer(815301076,1909f56bfc062723c751e8b465ee728b) (PreviewImporter) -> (artifact id: '0a0063a50263497a373b11fdd0b4c006') in 0.0260973 seconds
Number of updated asset objects reloaded before import = 0Number of asset objects unloaded after import = 64

========================================================================
Received Import Request.
  Time since last request: 2.265358 seconds.
  path: Assets/Prefab/Quarteirao5.prefab
  artifactKey: Guid(b7fbeb71350815149aa805f034c63062) Importer(815301076,1909f56bfc062723c751e8b465ee728b)
Start importing Assets/Prefab/Quarteirao5.prefab using Guid(b7fbeb71350815149aa805f034c63062) Importer(815301076,1909f56bfc062723c751e8b465ee728b) (PreviewImporter) -> (artifact id: 'b3c82da491ee5176409d028b2432a65f') in 0.0214059 seconds
Number of updated asset objects reloaded before import = 0Number of asset objects unloaded after import = 64

========================================================================
Received Import Request.
  Time since last request: 14.077404 seconds.
  path: Assets/Prefab/Quarteirao5.prefab
  artifactKey: Guid(b7fbeb71350815149aa805f034c63062) Importer(815301076,1909f56bfc062723c751e8b465ee728b)
Start importing Assets/Prefab/Quarteirao5.prefab using Guid(b7fbeb71350815149aa805f034c63062) Importer(815301076,1909f56bfc062723c751e8b465ee728b) (PreviewImporter) -> (artifact id: '740c7c9b87d4f3279841ed9fd60d68ae') in 0.0221216 seconds
Number of updated asset objects reloaded before import = 0Number of asset objects unloaded after import = 64

========================================================================
Received Import Request.
  Time since last request: 0.951226 seconds.
  path: Assets/Prefab/Quarteirao5.prefab
  artifactKey: Guid(b7fbeb71350815149aa805f034c63062) Importer(815301076,1909f56bfc062723c751e8b465ee728b)
Start importing Assets/Prefab/Quarteirao5.prefab using Guid(b7fbeb71350815149aa805f034c63062) Importer(815301076,1909f56bfc062723c751e8b465ee728b) (PreviewImporter) -> (artifact id: 'df0f0db90f2394146719823dfdea28f7') in 0.0218813 seconds
Number of updated asset objects reloaded before import = 0Number of asset objects unloaded after import = 64

========================================================================
Received Import Request.
  Time since last request: 0.759478 seconds.
  path: Assets/Prefab/Quarteirao5.prefab
  artifactKey: Guid(b7fbeb71350815149aa805f034c63062) Importer(815301076,1909f56bfc062723c751e8b465ee728b)
Start importing Assets/Prefab/Quarteirao5.prefab using Guid(b7fbeb71350815149aa805f034c63062) Importer(815301076,1909f56bfc062723c751e8b465ee728b) (PreviewImporter) -> (artifact id: '5e2e8658ab67449e31a1f75afdd7b780') in 0.0227119 seconds
Number of updated asset objects reloaded before import = 0Number of asset objects unloaded after import = 64

========================================================================
Received Import Request.
  Time since last request: 394.452128 seconds.
  path: Assets/Prefab/Quarteirao5 1.prefab
  artifactKey: Guid(4590439e87fa93d49843cf0a69c00d65) Importer(815301076,1909f56bfc062723c751e8b465ee728b)
Start importing Assets/Prefab/Quarteirao5 1.prefab using Guid(4590439e87fa93d49843cf0a69c00d65) Importer(815301076,1909f56bfc062723c751e8b465ee728b) (PreviewImporter) -> (artifact id: 'ac35dec467efaa1934f5704dc1cab977') in 0.0319964 seconds
Number of updated asset objects reloaded before import = 0Number of asset objects unloaded after import = 55

========================================================================
Received Import Request.
  Time since last request: 527.201734 seconds.
  path: Assets/New SceneTemplate.scenetemplate
  artifactKey: Guid(ee08f54c00a93d64fbd7e688905a11b2) Importer(815301076,1909f56bfc062723c751e8b465ee728b)
Start importing Assets/New SceneTemplate.scenetemplate using Guid(ee08f54c00a93d64fbd7e688905a11b2) Importer(815301076,1909f56bfc062723c751e8b465ee728b) (PreviewImporter) -> (artifact id: '919e1b939c45134fe2bffaa87a4103d7') in 0.0063238 seconds
Number of updated asset objects reloaded before import = 0Number of asset objects unloaded after import = 1

========================================================================
Received Import Request.
  Time since last request: 21.081140 seconds.
  path: Assets/CIDADE JOGO EDITAR KATIEEEEEEEEE.unity
  artifactKey: Guid(0060447640f9aa44eac5c83437e1960d) Importer(815301076,1909f56bfc062723c751e8b465ee728b)
Start importing Assets/CIDADE JOGO EDITAR KATIEEEEEEEEE.unity using Guid(0060447640f9aa44eac5c83437e1960d) Importer(815301076,1909f56bfc062723c751e8b465ee728b) (PreviewImporter) -> (artifact id: '39dd42b2aa26d83ae1795dab2c970b4b') in 0.0009191 seconds
Number of updated asset objects reloaded before import = 0Number of asset objects unloaded after import = 0

========================================================================
Received Import Request.
  Time since last request: 48.197814 seconds.
  path: Assets/Assets/Casas Modelo Asset.unity
  artifactKey: Guid(642c03665bc14834fb7fc960fee5992a) Importer(815301076,1909f56bfc062723c751e8b465ee728b)
Start importing Assets/Assets/Casas Modelo Asset.unity using Guid(642c03665bc14834fb7fc960fee5992a) Importer(815301076,1909f56bfc062723c751e8b465ee728b) (PreviewImporter) -> (artifact id: 'dae5fac9c0bb732a74b751ec93c7121e') in 0.001059 seconds
Number of updated asset objects reloaded before import = 0Number of asset objects unloaded after import = 0

========================================================================
Received Import Request.
  Time since last request: 21.964537 seconds.
  path: Assets/Assets/Casas Original.unity
  artifactKey: Guid(642c03665bc14834fb7fc960fee5992a) Importer(815301076,1909f56bfc062723c751e8b465ee728b)
Start importing Assets/Assets/Casas Original.unity using Guid(642c03665bc14834fb7fc960fee5992a) Importer(815301076,1909f56bfc062723c751e8b465ee728b) (PreviewImporter) -> (artifact id: '4223ab52a680de5d779829d78af8bee6') in 0.0010763 seconds
Number of updated asset objects reloaded before import = 0Number of asset objects unloaded after import = 0

========================================================================
Received Import Request.
  Time since last request: 8.163842 seconds.
  path: Assets/CIDADE JOGO EDITAR KATIEEEEEEEEE.unity
  artifactKey: Guid(0060447640f9aa44eac5c83437e1960d) Importer(815301076,1909f56bfc062723c751e8b465ee728b)
Start importing Assets/CIDADE JOGO EDITAR KATIEEEEEEEEE.unity using Guid(0060447640f9aa44eac5c83437e1960d) Importer(815301076,1909f56bfc062723c751e8b465ee728b) (PreviewImporter) -> (artifact id: 'c77dd7d0ffd4c20dd20b3e09c7f4cf99') in 0.0011275 seconds
Number of updated asset objects reloaded before import = 0Number of asset objects unloaded after import = 0

========================================================================
Received Import Request.
  Time since last request: 14.626848 seconds.
  path: Assets/Casas Original.unity
  artifactKey: Guid(b418d9488982a5044863ebb44847dce5) Importer(815301076,1909f56bfc062723c751e8b465ee728b)
Start importing Assets/Casas Original.unity using Guid(b418d9488982a5044863ebb44847dce5) Importer(815301076,1909f56bfc062723c751e8b465ee728b) (PreviewImporter) -> (artifact id: 'd693a6b5b12a2da87009b229c497dd9a') in 0.0015794 seconds
Number of updated asset objects reloaded before import = 0Number of asset objects unloaded after import = 0

