Using pre-set license
Built from '6000.0/staging' branch; Version is '6000.0.38f1 (82314a941f2d) revision 8532298'; Using compiler version '193933523'; Build Type 'Release'
OS: 'Windows 10  (10.0.19045) 64bit Professional' Language: 'pt' Physical Memory: 7880 MB
BatchMode: 1, IsHumanControllingUs: 0, StartBugReporterOnCrash: 0, Is64bit: 1, IsPro: 1

COMMAND LINE ARGUMENTS:
C:\Program Files\Unity 6000.0.38f1\Editor\Unity.exe
-adb2
-batchMode
-noUpm
-name
AssetImportWorker31
-projectPath
C:/Users/25027230/My project
-logFile
Logs/AssetImportWorker31.log
-srvPort
64929
-job-worker-count
9
-background-job-worker-count
8
-gc-helper-count
1
Successfully changed project path to: C:/Users/25027230/My project
C:/Users/25027230/My project
[UnityMemory] Configuration Parameters - Can be set up in boot.config
    "memorysetup-bucket-allocator-granularity=16"
    "memorysetup-bucket-allocator-bucket-count=8"
    "memorysetup-bucket-allocator-block-size=33554432"
    "memorysetup-bucket-allocator-block-count=8"
    "memorysetup-main-allocator-block-size=16777216"
    "memorysetup-thread-allocator-block-size=16777216"
    "memorysetup-gfx-main-allocator-block-size=16777216"
    "memorysetup-gfx-thread-allocator-block-size=16777216"
    "memorysetup-cache-allocator-block-size=4194304"
    "memorysetup-typetree-allocator-block-size=2097152"
    "memorysetup-profiler-bucket-allocator-granularity=16"
    "memorysetup-profiler-bucket-allocator-bucket-count=8"
    "memorysetup-profiler-bucket-allocator-block-size=33554432"
    "memorysetup-profiler-bucket-allocator-block-count=8"
    "memorysetup-profiler-allocator-block-size=16777216"
    "memorysetup-profiler-editor-allocator-block-size=1048576"
    "memorysetup-temp-allocator-size-main=16777216"
    "memorysetup-job-temp-allocator-block-size=2097152"
    "memorysetup-job-temp-allocator-block-size-background=1048576"
    "memorysetup-job-temp-allocator-reduction-small-platforms=262144"
    "memorysetup-allocator-temp-initial-block-size-main=262144"
    "memorysetup-allocator-temp-initial-block-size-worker=262144"
    "memorysetup-temp-allocator-size-background-worker=32768"
    "memorysetup-temp-allocator-size-job-worker=262144"
    "memorysetup-temp-allocator-size-preload-manager=33554432"
    "memorysetup-temp-allocator-size-nav-mesh-worker=65536"
    "memorysetup-temp-allocator-size-audio-worker=65536"
    "memorysetup-temp-allocator-size-cloud-worker=32768"
    "memorysetup-temp-allocator-size-gi-baking-worker=262144"
    "memorysetup-temp-allocator-size-gi-baking-worker=262144"
    "memorysetup-temp-allocator-size-gi-baking-worker=262144"
    "memorysetup-temp-allocator-size-gi-baking-worker=262144"
    "memorysetup-temp-allocator-size-gi-baking-worker=262144"
    "memorysetup-temp-allocator-size-gfx=262144"
Player connection [20564]  Target information:

Player connection [20564]  * "[IP] 10.1.34.73 [Port] 0 [Flags] 2 [Guid] 2501464593 [EditorId] 2501464593 [Version] 1048832 [Id] WindowsEditor(7,350-20) [Debug] 1 [PackageName] WindowsEditor [ProjectName] Editor" 

Player connection [20564]  * "[IP] 192.168.56.1 [Port] 0 [Flags] 2 [Guid] 2501464593 [EditorId] 2501464593 [Version] 1048832 [Id] WindowsEditor(7,350-20) [Debug] 1 [PackageName] WindowsEditor [ProjectName] Editor" 

Player connection [20564]  * "[IP] 172.26.48.1 [Port] 0 [Flags] 2 [Guid] 2501464593 [EditorId] 2501464593 [Version] 1048832 [Id] WindowsEditor(7,350-20) [Debug] 1 [PackageName] WindowsEditor [ProjectName] Editor" 

Player connection [20564] Host joined multi-casting on [225.0.0.222:54997]...
Player connection [20564] Host joined alternative multi-casting on [225.0.0.222:34997]...
JobSystem: Creating JobQueue using job-worker-count value 9
Input System module state changed to: Initialized.
[Physics::Module] Initialized fallback backend.
[Physics::Module] Id: 0xdecafbad
Library Redirect Path: Library/
[Physics::Module] Selected backend.
[Physics::Module] Name: PhysX
[Physics::Module] Id: 0xf2b8ea05
[Physics::Module] SDK Version: 4.1.2
[Physics::Module] Integration Version: 1.0.0
[Physics::Module] Threading Mode: Multi-Threaded
Refreshing native plugins compatible for Editor in 7.24 ms, found 3 plugins.
Preloading 0 native plugins for Editor in 0.00 ms.
Initialize engine version: 6000.0.38f1 (82314a941f2d)
[Subsystems] Discovering subsystems at path C:/Program Files/Unity 6000.0.38f1/Editor/Data/Resources/UnitySubsystems
[Subsystems] Discovering subsystems at path C:/Users/25027230/My project/Assets
GfxDevice: creating device client; kGfxThreadingModeNonThreaded
Direct3D:
    Version:  Direct3D 11.0 [level 11.1]
    Renderer: Intel(R) UHD Graphics 770 (ID=0x4680)
    Vendor:   Intel
    VRAM:     3940 MB
    Driver:   32.0.101.6078
Initialize mono
Mono path[0] = 'C:/Program Files/Unity 6000.0.38f1/Editor/Data/Managed'
Mono path[1] = 'C:/Program Files/Unity 6000.0.38f1/Editor/Data/MonoBleedingEdge/lib/mono/unityjit-win32'
Mono config path = 'C:/Program Files/Unity 6000.0.38f1/Editor/Data/MonoBleedingEdge/etc'
Using monoOptions --debugger-agent=transport=dt_socket,embedding=1,server=y,suspend=n,address=127.0.0.1:56560
Begin MonoManager ReloadAssembly
Registering precompiled unity dll's ...
Register platform support module: C:/Program Files/Unity 6000.0.38f1/Editor/Data/PlaybackEngines/WebGLSupport/UnityEditor.WebGL.Extensions.dll
Register platform support module: C:/Program Files/Unity 6000.0.38f1/Editor/Data/PlaybackEngines/VisionOSPlayer/UnityEditor.VisionOS.Extensions.dll
Register platform support module: C:/Program Files/Unity 6000.0.38f1/Editor/Data/PlaybackEngines/WindowsStandaloneSupport/UnityEditor.WindowsStandalone.Extensions.dll
Register platform support module: C:/Program Files/Unity 6000.0.38f1/Editor/Data/PlaybackEngines/MetroSupport/UnityEditor.UWP.Extensions.dll
Register platform support module: C:/Program Files/Unity 6000.0.38f1/Editor/Data/PlaybackEngines/AndroidPlayer/UnityEditor.Android.Extensions.dll
Register platform support module: C:/Program Files/Unity 6000.0.38f1/Editor/Data/PlaybackEngines/iOSSupport/UnityEditor.iOS.Extensions.dll
Register platform support module: C:/Program Files/Unity 6000.0.38f1/Editor/Data/PlaybackEngines/LinuxStandaloneSupport/UnityEditor.LinuxStandalone.Extensions.dll
Registered in 0.024449 seconds.
- Loaded All Assemblies, in  0.653 seconds
Native extension for LinuxStandalone target not found
[usbmuxd] Start listen thread
[usbmuxd] Listen thread started
Native extension for iOS target not found
Native extension for Android target not found
Native extension for UWP target not found
Native extension for WindowsStandalone target not found
Failed to load: C:/Program Files/Unity 6000.0.38f1/Editor/Data/PlaybackEngines/VisionOSPlayer\x64\UnityEditor.VisionOS.Native.dll
Native extension for VisionOS target not found
Native extension for WebGL target not found
Mono: successfully reloaded assembly
- Finished resetting the current domain, in  0.552 seconds
Domain Reload Profiling: 1201ms
	BeginReloadAssembly (215ms)
		ExecutionOrderSort (0ms)
		DisableScriptedObjects (0ms)
		BackupInstance (0ms)
		ReleaseScriptingObjects (0ms)
		CreateAndSetChildDomain (1ms)
	RebuildCommonClasses (48ms)
	RebuildNativeTypeToScriptingClass (17ms)
	initialDomainReloadingComplete (99ms)
	LoadAllAssembliesAndSetupDomain (269ms)
		LoadAssemblies (214ms)
		RebuildTransferFunctionScriptingTraits (0ms)
		AnalyzeDomain (261ms)
			TypeCache.Refresh (259ms)
				TypeCache.ScanAssembly (240ms)
			BuildScriptInfoCaches (0ms)
			ResolveRequiredComponents (1ms)
	FinalizeReload (553ms)
		ReleaseScriptCaches (0ms)
		RebuildScriptCaches (0ms)
		SetupLoadedEditorAssemblies (492ms)
			LogAssemblyErrors (0ms)
			InitializePlatformSupportModulesInManaged (172ms)
			SetLoadedEditorAssemblies (5ms)
			BeforeProcessingInitializeOnLoad (74ms)
			ProcessInitializeOnLoadAttributes (165ms)
			ProcessInitializeOnLoadMethodAttributes (76ms)
			AfterProcessingInitializeOnLoad (0ms)
			EditorAssembliesLoaded (0ms)
		ExecutionOrderSort2 (0ms)
		AwakeInstancesAfterBackupRestoration (0ms)
========================================================================
Worker process is ready to serve import requests
Import Worker Mode flag is 0x00
Begin MonoManager ReloadAssembly
- Loaded All Assemblies, in  1.336 seconds
Refreshing native plugins compatible for Editor in 3.55 ms, found 3 plugins.
Native extension for LinuxStandalone target not found
Native extension for iOS target not found
Native extension for Android target not found
Native extension for UWP target not found
Native extension for WindowsStandalone target not found
Failed to load: C:/Program Files/Unity 6000.0.38f1/Editor/Data/PlaybackEngines/VisionOSPlayer\x64\UnityEditor.VisionOS.Native.dll
Native extension for VisionOS target not found
Native extension for WebGL target not found
Refreshing native plugins compatible for Editor in 1.78 ms, found 3 plugins.
Mono: successfully reloaded assembly
- Finished resetting the current domain, in  1.392 seconds
Domain Reload Profiling: 2734ms
	BeginReloadAssembly (239ms)
		ExecutionOrderSort (0ms)
		DisableScriptedObjects (10ms)
		BackupInstance (0ms)
		ReleaseScriptingObjects (0ms)
		CreateAndSetChildDomain (37ms)
	RebuildCommonClasses (47ms)
	RebuildNativeTypeToScriptingClass (17ms)
	initialDomainReloadingComplete (58ms)
	LoadAllAssembliesAndSetupDomain (965ms)
		LoadAssemblies (715ms)
		RebuildTransferFunctionScriptingTraits (0ms)
		AnalyzeDomain (397ms)
			TypeCache.Refresh (304ms)
				TypeCache.ScanAssembly (276ms)
			BuildScriptInfoCaches (74ms)
			ResolveRequiredComponents (15ms)
	FinalizeReload (1408ms)
		ReleaseScriptCaches (0ms)
		RebuildScriptCaches (0ms)
		SetupLoadedEditorAssemblies (1051ms)
			LogAssemblyErrors (0ms)
			InitializePlatformSupportModulesInManaged (50ms)
			SetLoadedEditorAssemblies (4ms)
			BeforeProcessingInitializeOnLoad (161ms)
			ProcessInitializeOnLoadAttributes (654ms)
			ProcessInitializeOnLoadMethodAttributes (158ms)
			AfterProcessingInitializeOnLoad (24ms)
			EditorAssembliesLoaded (0ms)
		ExecutionOrderSort2 (0ms)
		AwakeInstancesAfterBackupRestoration (11ms)
Launched and connected shader compiler UnityShaderCompiler.exe after 0.01 seconds
Refreshing native plugins compatible for Editor in 1.82 ms, found 3 plugins.
Preloading 0 native plugins for Editor in 0.00 ms.
Unloading 273 Unused Serialized files (Serialized files now loaded: 0)
Unloading 5991 unused Assets / (6.6 MB). Loaded Objects now: 6731.
Memory consumption went from 200.0 MB to 193.4 MB.
Total: 14.094100 ms (FindLiveObjects: 1.172800 ms CreateObjectMapping: 0.438600 ms MarkObjects: 7.730900 ms  DeleteObjects: 4.747400 ms)

========================================================================
Received Import Request.
  Time since last request: 34305.119290 seconds.
  path: Assets/3D Road Tiles/Materials/Stone.mat
  artifactKey: Guid(acebd6c89b9c24549818921f49aba5a2) Importer(815301076,1909f56bfc062723c751e8b465ee728b)
Start importing Assets/3D Road Tiles/Materials/Stone.mat using Guid(acebd6c89b9c24549818921f49aba5a2) Importer(815301076,1909f56bfc062723c751e8b465ee728b) (PreviewImporter) -> (artifact id: 'cd07b8441816d594e40e07a5d830e72d') in 0.8342301 seconds
Number of updated asset objects reloaded before import = 0Number of asset objects unloaded after import = 4

========================================================================
Received Import Request.
  Time since last request: 22.838051 seconds.
  path: Assets/3D Road Tiles/roadTile_020.obj
  artifactKey: Guid(91e05865e12db8b41b3dc1811613c189) Importer(815301076,1909f56bfc062723c751e8b465ee728b)
Start importing Assets/3D Road Tiles/roadTile_020.obj using Guid(91e05865e12db8b41b3dc1811613c189) Importer(815301076,1909f56bfc062723c751e8b465ee728b) (PreviewImporter) -> (artifact id: '544559b5225d3984a59d84a90b1816c1') in 0.097053 seconds
Number of updated asset objects reloaded before import = 0Number of asset objects unloaded after import = 11

========================================================================
Received Import Request.
  Time since last request: 0.539600 seconds.
  path: Assets/3D Road Tiles/roadTile_025.obj
  artifactKey: Guid(2f029fd7f8a0d694397cf399aa925e95) Importer(815301076,1909f56bfc062723c751e8b465ee728b)
Start importing Assets/3D Road Tiles/roadTile_025.obj using Guid(2f029fd7f8a0d694397cf399aa925e95) Importer(815301076,1909f56bfc062723c751e8b465ee728b) (PreviewImporter) -> (artifact id: '1f4ce8098d36bc2c27745872685f9744') in 0.0431059 seconds
Number of updated asset objects reloaded before import = 0Number of asset objects unloaded after import = 13

========================================================================
Received Import Request.
  Time since last request: 8.017408 seconds.
  path: Assets/3D Road Tiles/roadTile_030.obj
  artifactKey: Guid(21add50527265ad438ccd7a11e9d61fd) Importer(815301076,1909f56bfc062723c751e8b465ee728b)
Start importing Assets/3D Road Tiles/roadTile_030.obj using Guid(21add50527265ad438ccd7a11e9d61fd) Importer(815301076,1909f56bfc062723c751e8b465ee728b) (PreviewImporter) -> (artifact id: 'b4ef3207eb6dbe216ce60612a9143305') in 0.0440209 seconds
Number of updated asset objects reloaded before import = 0Number of asset objects unloaded after import = 12

========================================================================
Received Import Request.
  Time since last request: 20.483988 seconds.
  path: Assets/3D Road Tiles/roadTile_035.obj
  artifactKey: Guid(826f4000c49ad184380196606301a625) Importer(815301076,1909f56bfc062723c751e8b465ee728b)
Start importing Assets/3D Road Tiles/roadTile_035.obj using Guid(826f4000c49ad184380196606301a625) Importer(815301076,1909f56bfc062723c751e8b465ee728b) (PreviewImporter) -> (artifact id: '8c5b0a93370c981e2eba107897f09adc') in 0.0390808 seconds
Number of updated asset objects reloaded before import = 0Number of asset objects unloaded after import = 12

========================================================================
Received Import Request.
  Time since last request: 0.000034 seconds.
  path: Assets/3D Road Tiles/roadTile_047.obj
  artifactKey: Guid(e9344cc9001d469499e8a09a9d2ad61a) Importer(815301076,1909f56bfc062723c751e8b465ee728b)
Start importing Assets/3D Road Tiles/roadTile_047.obj using Guid(e9344cc9001d469499e8a09a9d2ad61a) Importer(815301076,1909f56bfc062723c751e8b465ee728b) (PreviewImporter) -> (artifact id: 'f65911d2c0fd5538aeee8249eef789f0') in 0.0467511 seconds
Number of updated asset objects reloaded before import = 0Number of asset objects unloaded after import = 12

========================================================================
Received Import Request.
  Time since last request: 0.000051 seconds.
  path: Assets/3D Road Tiles/roadTile_038.obj
  artifactKey: Guid(5b827b989169b484f902bb5f2341b29b) Importer(815301076,1909f56bfc062723c751e8b465ee728b)
Start importing Assets/3D Road Tiles/roadTile_038.obj using Guid(5b827b989169b484f902bb5f2341b29b) Importer(815301076,1909f56bfc062723c751e8b465ee728b) (PreviewImporter) -> (artifact id: '69d6e344ab6a1821a518a203d28eb5c5') in 0.039611 seconds
Number of updated asset objects reloaded before import = 0Number of asset objects unloaded after import = 12

========================================================================
Received Import Request.
  Time since last request: 0.000036 seconds.
  path: Assets/3D Road Tiles/roadTile_050.obj
  artifactKey: Guid(f0f410b2c4437cd459d8d01fbd540a89) Importer(815301076,1909f56bfc062723c751e8b465ee728b)
Start importing Assets/3D Road Tiles/roadTile_050.obj using Guid(f0f410b2c4437cd459d8d01fbd540a89) Importer(815301076,1909f56bfc062723c751e8b465ee728b) (PreviewImporter) -> (artifact id: '436c6aaf921f4aaea8c5eb4e21528e30') in 0.0363466 seconds
Number of updated asset objects reloaded before import = 0Number of asset objects unloaded after import = 12

========================================================================
Received Import Request.
  Time since last request: 0.000056 seconds.
  path: Assets/3D Road Tiles/roadTile_059.obj
  artifactKey: Guid(c39d7d9976b11ce4db371c8ad552da6a) Importer(815301076,1909f56bfc062723c751e8b465ee728b)
Start importing Assets/3D Road Tiles/roadTile_059.obj using Guid(c39d7d9976b11ce4db371c8ad552da6a) Importer(815301076,1909f56bfc062723c751e8b465ee728b) (PreviewImporter) -> (artifact id: 'ddd1210e36e86fedf864505a33fc1507') in 0.0362465 seconds
Number of updated asset objects reloaded before import = 0Number of asset objects unloaded after import = 11

========================================================================
Received Import Request.
  Time since last request: 0.000073 seconds.
  path: Assets/3D Road Tiles/roadTile_074.obj
  artifactKey: Guid(79e388e95660ee046ac3745fedbb0bf8) Importer(815301076,1909f56bfc062723c751e8b465ee728b)
Start importing Assets/3D Road Tiles/roadTile_074.obj using Guid(79e388e95660ee046ac3745fedbb0bf8) Importer(815301076,1909f56bfc062723c751e8b465ee728b) (PreviewImporter) -> (artifact id: '351f3f01c0ac89a69788507b3661eb66') in 0.0341824 seconds
Number of updated asset objects reloaded before import = 0Number of asset objects unloaded after import = 11

========================================================================
Received Import Request.
  Time since last request: 0.000132 seconds.
  path: Assets/3D Road Tiles/roadTile_058.obj
  artifactKey: Guid(fbd2e37fb26615241b3b9860bbc2edb8) Importer(815301076,1909f56bfc062723c751e8b465ee728b)
Start importing Assets/3D Road Tiles/roadTile_058.obj using Guid(fbd2e37fb26615241b3b9860bbc2edb8) Importer(815301076,1909f56bfc062723c751e8b465ee728b) (PreviewImporter) -> (artifact id: '285898917d33485dfb195d3fa31753d3') in 0.0359283 seconds
Number of updated asset objects reloaded before import = 0Number of asset objects unloaded after import = 12

========================================================================
Received Import Request.
  Time since last request: 0.000045 seconds.
  path: Assets/3D Road Tiles/roadTile_052.obj
  artifactKey: Guid(61a6b3cd13396184e90a06f19e52c628) Importer(815301076,1909f56bfc062723c751e8b465ee728b)
Start importing Assets/3D Road Tiles/roadTile_052.obj using Guid(61a6b3cd13396184e90a06f19e52c628) Importer(815301076,1909f56bfc062723c751e8b465ee728b) (PreviewImporter) -> (artifact id: '2cfaf6cf70d26c8c314ce4fef5bd0c12') in 0.036348 seconds
Number of updated asset objects reloaded before import = 0Number of asset objects unloaded after import = 12

========================================================================
Received Import Request.
  Time since last request: 0.000036 seconds.
  path: Assets/3D Road Tiles/roadTile_076.obj
  artifactKey: Guid(4cea9391e7b5cd343b399613c3c61e27) Importer(815301076,1909f56bfc062723c751e8b465ee728b)
Start importing Assets/3D Road Tiles/roadTile_076.obj using Guid(4cea9391e7b5cd343b399613c3c61e27) Importer(815301076,1909f56bfc062723c751e8b465ee728b) (PreviewImporter) -> (artifact id: 'de250165983524650205550acc65177e') in 0.0347779 seconds
Number of updated asset objects reloaded before import = 0Number of asset objects unloaded after import = 11

========================================================================
Received Import Request.
  Time since last request: 0.000041 seconds.
  path: Assets/3D Road Tiles/roadTile_088.obj
  artifactKey: Guid(e3b5aa7a594ac654fb5543653d7105e7) Importer(815301076,1909f56bfc062723c751e8b465ee728b)
Start importing Assets/3D Road Tiles/roadTile_088.obj using Guid(e3b5aa7a594ac654fb5543653d7105e7) Importer(815301076,1909f56bfc062723c751e8b465ee728b) (PreviewImporter) -> (artifact id: 'f77aa35c2d6f9454f6612a55ed59b9e6') in 0.0384877 seconds
Number of updated asset objects reloaded before import = 0Number of asset objects unloaded after import = 11

========================================================================
Received Import Request.
  Time since last request: 0.000071 seconds.
  path: Assets/3D Road Tiles/roadTile_084.obj
  artifactKey: Guid(580c8ad13d9cfdc4f88aca1b5bc8c2ba) Importer(815301076,1909f56bfc062723c751e8b465ee728b)
Start importing Assets/3D Road Tiles/roadTile_084.obj using Guid(580c8ad13d9cfdc4f88aca1b5bc8c2ba) Importer(815301076,1909f56bfc062723c751e8b465ee728b) (PreviewImporter) -> (artifact id: '9b7e77581c419ccab87564043a4fe37c') in 0.0376019 seconds
Number of updated asset objects reloaded before import = 0Number of asset objects unloaded after import = 11

========================================================================
Received Import Request.
  Time since last request: 0.000044 seconds.
  path: Assets/3D Road Tiles/roadTile_079.obj
  artifactKey: Guid(8fa5c448fa84d4b40a56140ec3f3f75f) Importer(815301076,1909f56bfc062723c751e8b465ee728b)
Start importing Assets/3D Road Tiles/roadTile_079.obj using Guid(8fa5c448fa84d4b40a56140ec3f3f75f) Importer(815301076,1909f56bfc062723c751e8b465ee728b) (PreviewImporter) -> (artifact id: '4cde7dc2ca1b5d7495f77f244f6d9041') in 0.0441039 seconds
Number of updated asset objects reloaded before import = 0Number of asset objects unloaded after import = 11

========================================================================
Received Import Request.
  Time since last request: 0.000071 seconds.
  path: Assets/3D Road Tiles/roadTile_100.obj
  artifactKey: Guid(956f662c440695942bc7c2635fa50023) Importer(815301076,1909f56bfc062723c751e8b465ee728b)
Start importing Assets/3D Road Tiles/roadTile_100.obj using Guid(956f662c440695942bc7c2635fa50023) Importer(815301076,1909f56bfc062723c751e8b465ee728b) (PreviewImporter) -> (artifact id: '5ed42f9e65ef48903e15a83e81e02b7e') in 0.037776 seconds
Number of updated asset objects reloaded before import = 0Number of asset objects unloaded after import = 11

========================================================================
Received Import Request.
  Time since last request: 0.000045 seconds.
  path: Assets/3D Road Tiles/roadTile_087.obj
  artifactKey: Guid(407a14f5d489eef408e107be10439d90) Importer(815301076,1909f56bfc062723c751e8b465ee728b)
Start importing Assets/3D Road Tiles/roadTile_087.obj using Guid(407a14f5d489eef408e107be10439d90) Importer(815301076,1909f56bfc062723c751e8b465ee728b) (PreviewImporter) -> (artifact id: '6de4a1a3133e0340966d1d2f594b5bf2') in 0.037455 seconds
Number of updated asset objects reloaded before import = 0Number of asset objects unloaded after import = 11

========================================================================
Received Import Request.
  Time since last request: 0.000048 seconds.
  path: Assets/3D Road Tiles/roadTile_062.obj
  artifactKey: Guid(91fb904fcf3b1e14eaf5d933340a5d1d) Importer(815301076,1909f56bfc062723c751e8b465ee728b)
Start importing Assets/3D Road Tiles/roadTile_062.obj using Guid(91fb904fcf3b1e14eaf5d933340a5d1d) Importer(815301076,1909f56bfc062723c751e8b465ee728b) (PreviewImporter) -> (artifact id: '3d8ed3582a72aba91ab2e2c32ff4c1f7') in 0.0430778 seconds
Number of updated asset objects reloaded before import = 0Number of asset objects unloaded after import = 11

========================================================================
Received Import Request.
  Time since last request: 0.100791 seconds.
  path: Assets/3D Road Tiles/roadTile_110.obj
  artifactKey: Guid(965dbfa7c8efbf249af8f55aa702390d) Importer(815301076,1909f56bfc062723c751e8b465ee728b)
Start importing Assets/3D Road Tiles/roadTile_110.obj using Guid(965dbfa7c8efbf249af8f55aa702390d) Importer(815301076,1909f56bfc062723c751e8b465ee728b) (PreviewImporter) -> (artifact id: 'e1655d0bc94f8e6f7a327087a55e4247') in 0.0400971 seconds
Number of updated asset objects reloaded before import = 0Number of asset objects unloaded after import = 11

========================================================================
Received Import Request.
  Time since last request: 0.000032 seconds.
  path: Assets/3D Road Tiles/roadTile_112.obj
  artifactKey: Guid(3220da4fb13b62747b9ca4a4eaea194a) Importer(815301076,1909f56bfc062723c751e8b465ee728b)
Start importing Assets/3D Road Tiles/roadTile_112.obj using Guid(3220da4fb13b62747b9ca4a4eaea194a) Importer(815301076,1909f56bfc062723c751e8b465ee728b) (PreviewImporter) -> (artifact id: 'a40139f46b41fdf26943f99980246984') in 0.0417737 seconds
Number of updated asset objects reloaded before import = 0Number of asset objects unloaded after import = 11

========================================================================
Received Import Request.
  Time since last request: 0.000049 seconds.
  path: Assets/3D Road Tiles/roadTile_117.obj
  artifactKey: Guid(ff5a2ad2ef43b0e4a90909e38f3d8c09) Importer(815301076,1909f56bfc062723c751e8b465ee728b)
Start importing Assets/3D Road Tiles/roadTile_117.obj using Guid(ff5a2ad2ef43b0e4a90909e38f3d8c09) Importer(815301076,1909f56bfc062723c751e8b465ee728b) (PreviewImporter) -> (artifact id: 'c0f529ad5df3f1378d6f759ee31aa2c9') in 0.0386402 seconds
Number of updated asset objects reloaded before import = 0Number of asset objects unloaded after import = 11

========================================================================
Received Import Request.
  Time since last request: 1.100836 seconds.
  path: Assets/3D Road Tiles/roadTile_125.obj
  artifactKey: Guid(0b9a88cbd72c25b4a893328efeffcea1) Importer(815301076,1909f56bfc062723c751e8b465ee728b)
Start importing Assets/3D Road Tiles/roadTile_125.obj using Guid(0b9a88cbd72c25b4a893328efeffcea1) Importer(815301076,1909f56bfc062723c751e8b465ee728b) (PreviewImporter) -> (artifact id: '332d4c926938da9a5db1afe76cbfbe7f') in 0.0383036 seconds
Number of updated asset objects reloaded before import = 0Number of asset objects unloaded after import = 11

========================================================================
Received Import Request.
  Time since last request: 0.000036 seconds.
  path: Assets/3D Road Tiles/roadTile_130.obj
  artifactKey: Guid(068c10f75e454b742a8a912958340cde) Importer(815301076,1909f56bfc062723c751e8b465ee728b)
Start importing Assets/3D Road Tiles/roadTile_130.obj using Guid(068c10f75e454b742a8a912958340cde) Importer(815301076,1909f56bfc062723c751e8b465ee728b) (PreviewImporter) -> (artifact id: '57b02a58d5d93d332b28f4d1321bd3ad') in 0.0389659 seconds
Number of updated asset objects reloaded before import = 0Number of asset objects unloaded after import = 11

========================================================================
Received Import Request.
  Time since last request: 3.267168 seconds.
  path: Assets/3D Road Tiles/roadTile_135.obj
  artifactKey: Guid(ba1c81b62d997c44c9d08418e3f5ffe3) Importer(815301076,1909f56bfc062723c751e8b465ee728b)
Start importing Assets/3D Road Tiles/roadTile_135.obj using Guid(ba1c81b62d997c44c9d08418e3f5ffe3) Importer(815301076,1909f56bfc062723c751e8b465ee728b) (PreviewImporter) -> (artifact id: '5ccef22102ea46c0a9bedd628e8b3317') in 0.0389709 seconds
Number of updated asset objects reloaded before import = 0Number of asset objects unloaded after import = 11

========================================================================
Received Import Request.
  Time since last request: 0.318145 seconds.
  path: Assets/3D Road Tiles/roadTile_140.obj
  artifactKey: Guid(8ace45f691443c84f8656d36b672cb67) Importer(815301076,1909f56bfc062723c751e8b465ee728b)
Start importing Assets/3D Road Tiles/roadTile_140.obj using Guid(8ace45f691443c84f8656d36b672cb67) Importer(815301076,1909f56bfc062723c751e8b465ee728b) (PreviewImporter) -> (artifact id: '41c4425e746c38b028bf5de54e5e617b') in 0.041508 seconds
Number of updated asset objects reloaded before import = 0Number of asset objects unloaded after import = 10

========================================================================
Received Import Request.
  Time since last request: 1.794998 seconds.
  path: Assets/3D Road Tiles/roadTile_145.obj
  artifactKey: Guid(a45408823cec93b4cac22d78eb95ecfd) Importer(815301076,1909f56bfc062723c751e8b465ee728b)
Start importing Assets/3D Road Tiles/roadTile_145.obj using Guid(a45408823cec93b4cac22d78eb95ecfd) Importer(815301076,1909f56bfc062723c751e8b465ee728b) (PreviewImporter) -> (artifact id: 'c72c4fd2545d69074ae0f42b0ba552a3') in 0.0394767 seconds
Number of updated asset objects reloaded before import = 0Number of asset objects unloaded after import = 12

========================================================================
Received Import Request.
  Time since last request: 0.181733 seconds.
  path: Assets/3D Road Tiles/roadTile_150.obj
  artifactKey: Guid(ca0d6e56881c23744ad4782754604b44) Importer(815301076,1909f56bfc062723c751e8b465ee728b)
Start importing Assets/3D Road Tiles/roadTile_150.obj using Guid(ca0d6e56881c23744ad4782754604b44) Importer(815301076,1909f56bfc062723c751e8b465ee728b) (PreviewImporter) -> (artifact id: 'fdcc160ba11ac4ea7838350e64a8fc5d') in 0.0442649 seconds
Number of updated asset objects reloaded before import = 0Number of asset objects unloaded after import = 12

========================================================================
Received Import Request.
  Time since last request: 0.879819 seconds.
  path: Assets/3D Road Tiles/roadTile_155.obj
  artifactKey: Guid(ed7e181feee797f44b71efd90b1eb2e0) Importer(815301076,1909f56bfc062723c751e8b465ee728b)
Start importing Assets/3D Road Tiles/roadTile_155.obj using Guid(ed7e181feee797f44b71efd90b1eb2e0) Importer(815301076,1909f56bfc062723c751e8b465ee728b) (PreviewImporter) -> (artifact id: '2abd8ba014ad8b820f16a41578c9bc04') in 0.0462339 seconds
Number of updated asset objects reloaded before import = 0Number of asset objects unloaded after import = 12

========================================================================
Received Import Request.
  Time since last request: 0.051281 seconds.
  path: Assets/3D Road Tiles/roadTile_160.obj
  artifactKey: Guid(d6944e375349727488147f07e5ce6722) Importer(815301076,1909f56bfc062723c751e8b465ee728b)
Start importing Assets/3D Road Tiles/roadTile_160.obj using Guid(d6944e375349727488147f07e5ce6722) Importer(815301076,1909f56bfc062723c751e8b465ee728b) (PreviewImporter) -> (artifact id: '311e1bc485171f1624272f579982e300') in 0.0420161 seconds
Number of updated asset objects reloaded before import = 0Number of asset objects unloaded after import = 12

========================================================================
Received Import Request.
  Time since last request: 2.426946 seconds.
  path: Assets/3D Road Tiles/roadTile_165.obj
  artifactKey: Guid(e97d5de15aedb7d49a96917a509689d0) Importer(815301076,1909f56bfc062723c751e8b465ee728b)
Start importing Assets/3D Road Tiles/roadTile_165.obj using Guid(e97d5de15aedb7d49a96917a509689d0) Importer(815301076,1909f56bfc062723c751e8b465ee728b) (PreviewImporter) -> (artifact id: '85e8a06972a910cb45fa8c42a243ecad') in 0.040053 seconds
Number of updated asset objects reloaded before import = 0Number of asset objects unloaded after import = 12

========================================================================
Received Import Request.
  Time since last request: 0.054483 seconds.
  path: Assets/3D Road Tiles/roadTile_170.obj
  artifactKey: Guid(e929d31eae470e84a8ca150c1c62ebd5) Importer(815301076,1909f56bfc062723c751e8b465ee728b)
Start importing Assets/3D Road Tiles/roadTile_170.obj using Guid(e929d31eae470e84a8ca150c1c62ebd5) Importer(815301076,1909f56bfc062723c751e8b465ee728b) (PreviewImporter) -> (artifact id: '286effc20cf4a740728e617c91ae1451') in 0.0404704 seconds
Number of updated asset objects reloaded before import = 0Number of asset objects unloaded after import = 13

========================================================================
Received Import Request.
  Time since last request: 1.278386 seconds.
  path: Assets/3D Road Tiles/roadTile_175.obj
  artifactKey: Guid(6a83907cabbd6624b8bff43101daad7f) Importer(815301076,1909f56bfc062723c751e8b465ee728b)
Start importing Assets/3D Road Tiles/roadTile_175.obj using Guid(6a83907cabbd6624b8bff43101daad7f) Importer(815301076,1909f56bfc062723c751e8b465ee728b) (PreviewImporter) -> (artifact id: '146e791a5f60c59b14f7a09503a7245c') in 0.042411 seconds
Number of updated asset objects reloaded before import = 0Number of asset objects unloaded after import = 11

========================================================================
Received Import Request.
  Time since last request: 2.243139 seconds.
  path: Assets/3D Road Tiles/roadTile_180.obj
  artifactKey: Guid(96d1e7c58fadb414c89409429a97e0b1) Importer(815301076,1909f56bfc062723c751e8b465ee728b)
Start importing Assets/3D Road Tiles/roadTile_180.obj using Guid(96d1e7c58fadb414c89409429a97e0b1) Importer(815301076,1909f56bfc062723c751e8b465ee728b) (PreviewImporter) -> (artifact id: '08717949fd8a1d128dbe97d919fc7b8c') in 0.0435112 seconds
Number of updated asset objects reloaded before import = 0Number of asset objects unloaded after import = 12

========================================================================
Received Import Request.
  Time since last request: 0.695031 seconds.
  path: Assets/3D Road Tiles/roadTile_185.obj
  artifactKey: Guid(72d3f4f53012c0c42ba91a26d6bece8a) Importer(815301076,1909f56bfc062723c751e8b465ee728b)
Start importing Assets/3D Road Tiles/roadTile_185.obj using Guid(72d3f4f53012c0c42ba91a26d6bece8a) Importer(815301076,1909f56bfc062723c751e8b465ee728b) (PreviewImporter) -> (artifact id: 'b535596b5493a89e4de61e0c86a7bc7e') in 0.0409288 seconds
Number of updated asset objects reloaded before import = 0Number of asset objects unloaded after import = 11

========================================================================
Received Import Request.
  Time since last request: 2.493668 seconds.
  path: Assets/3D Road Tiles/roadTile_190.obj
  artifactKey: Guid(26a791ed5681ecf44998cf6a16241a67) Importer(815301076,1909f56bfc062723c751e8b465ee728b)
Start importing Assets/3D Road Tiles/roadTile_190.obj using Guid(26a791ed5681ecf44998cf6a16241a67) Importer(815301076,1909f56bfc062723c751e8b465ee728b) (PreviewImporter) -> (artifact id: '4c35c843568fd7b3ddbc60a414d800db') in 0.0408827 seconds
Number of updated asset objects reloaded before import = 0Number of asset objects unloaded after import = 11

========================================================================
Received Import Request.
  Time since last request: 1.465839 seconds.
  path: Assets/3D Road Tiles/roadTile_195.obj
  artifactKey: Guid(dc8a99a8fcec92e428ccaa351546a56c) Importer(815301076,1909f56bfc062723c751e8b465ee728b)
Start importing Assets/3D Road Tiles/roadTile_195.obj using Guid(dc8a99a8fcec92e428ccaa351546a56c) Importer(815301076,1909f56bfc062723c751e8b465ee728b) (PreviewImporter) -> (artifact id: '68befbecddd686929fa3d2ab8cf47bbd') in 0.0400162 seconds
Number of updated asset objects reloaded before import = 0Number of asset objects unloaded after import = 11

========================================================================
Received Import Request.
  Time since last request: 1.486052 seconds.
  path: Assets/3D Road Tiles/roadTile_200.obj
  artifactKey: Guid(bab47d72e6d1e364088470e77511232a) Importer(815301076,1909f56bfc062723c751e8b465ee728b)
Start importing Assets/3D Road Tiles/roadTile_200.obj using Guid(bab47d72e6d1e364088470e77511232a) Importer(815301076,1909f56bfc062723c751e8b465ee728b) (PreviewImporter) -> (artifact id: 'd307055a79e231f76358a77abcb9622b') in 0.0409853 seconds
Number of updated asset objects reloaded before import = 0Number of asset objects unloaded after import = 11

========================================================================
Received Import Request.
  Time since last request: 0.000055 seconds.
  path: Assets/3D Road Tiles/roadTile_203.obj
  artifactKey: Guid(8ca27714e262fa64da6a0a1cd1fb6e4d) Importer(815301076,1909f56bfc062723c751e8b465ee728b)
Start importing Assets/3D Road Tiles/roadTile_203.obj using Guid(8ca27714e262fa64da6a0a1cd1fb6e4d) Importer(815301076,1909f56bfc062723c751e8b465ee728b) (PreviewImporter) -> (artifact id: '75a096bdbe9f2c0d2b219a48c463aea4') in 0.0429048 seconds
Number of updated asset objects reloaded before import = 0Number of asset objects unloaded after import = 11

