Using pre-set license
Built from '6000.0/staging' branch; Version is '6000.0.38f1 (82314a941f2d) revision 8532298'; Using compiler version '193933523'; Build Type 'Release'
OS: 'Windows 10  (10.0.19045) 64bit Professional' Language: 'pt' Physical Memory: 7880 MB
BatchMode: 1, IsHumanControllingUs: 0, StartBugReporterOnCrash: 0, Is64bit: 1, IsPro: 1

COMMAND LINE ARGUMENTS:
C:\Program Files\Unity 6000.0.38f1\Editor\Unity.exe
-adb2
-batchMode
-noUpm
-name
AssetImportWorker26
-projectPath
C:/Users/25027230/My project
-logFile
Logs/AssetImportWorker26.log
-srvPort
64929
-job-worker-count
9
-background-job-worker-count
8
-gc-helper-count
1
Successfully changed project path to: C:/Users/25027230/My project
C:/Users/25027230/My project
[UnityMemory] Configuration Parameters - Can be set up in boot.config
    "memorysetup-bucket-allocator-granularity=16"
    "memorysetup-bucket-allocator-bucket-count=8"
    "memorysetup-bucket-allocator-block-size=33554432"
    "memorysetup-bucket-allocator-block-count=8"
    "memorysetup-main-allocator-block-size=16777216"
    "memorysetup-thread-allocator-block-size=16777216"
    "memorysetup-gfx-main-allocator-block-size=16777216"
    "memorysetup-gfx-thread-allocator-block-size=16777216"
    "memorysetup-cache-allocator-block-size=4194304"
    "memorysetup-typetree-allocator-block-size=2097152"
    "memorysetup-profiler-bucket-allocator-granularity=16"
    "memorysetup-profiler-bucket-allocator-bucket-count=8"
    "memorysetup-profiler-bucket-allocator-block-size=33554432"
    "memorysetup-profiler-bucket-allocator-block-count=8"
    "memorysetup-profiler-allocator-block-size=16777216"
    "memorysetup-profiler-editor-allocator-block-size=1048576"
    "memorysetup-temp-allocator-size-main=16777216"
    "memorysetup-job-temp-allocator-block-size=2097152"
    "memorysetup-job-temp-allocator-block-size-background=1048576"
    "memorysetup-job-temp-allocator-reduction-small-platforms=262144"
    "memorysetup-allocator-temp-initial-block-size-main=262144"
    "memorysetup-allocator-temp-initial-block-size-worker=262144"
    "memorysetup-temp-allocator-size-background-worker=32768"
    "memorysetup-temp-allocator-size-job-worker=262144"
    "memorysetup-temp-allocator-size-preload-manager=33554432"
    "memorysetup-temp-allocator-size-nav-mesh-worker=65536"
    "memorysetup-temp-allocator-size-audio-worker=65536"
    "memorysetup-temp-allocator-size-cloud-worker=32768"
    "memorysetup-temp-allocator-size-gi-baking-worker=262144"
    "memorysetup-temp-allocator-size-gi-baking-worker=262144"
    "memorysetup-temp-allocator-size-gi-baking-worker=262144"
    "memorysetup-temp-allocator-size-gi-baking-worker=262144"
    "memorysetup-temp-allocator-size-gi-baking-worker=262144"
    "memorysetup-temp-allocator-size-gfx=262144"
Player connection [20860]  Target information:

Player connection [20860]  * "[IP] 10.1.34.73 [Port] 0 [Flags] 2 [Guid] 1801885134 [EditorId] 1801885134 [Version] 1048832 [Id] WindowsEditor(7,350-20) [Debug] 1 [PackageName] WindowsEditor [ProjectName] Editor" 

Player connection [20860]  * "[IP] 192.168.56.1 [Port] 0 [Flags] 2 [Guid] 1801885134 [EditorId] 1801885134 [Version] 1048832 [Id] WindowsEditor(7,350-20) [Debug] 1 [PackageName] WindowsEditor [ProjectName] Editor" 

Player connection [20860]  * "[IP] 172.26.48.1 [Port] 0 [Flags] 2 [Guid] 1801885134 [EditorId] 1801885134 [Version] 1048832 [Id] WindowsEditor(7,350-20) [Debug] 1 [PackageName] WindowsEditor [ProjectName] Editor" 

Player connection [20860] Host joined multi-casting on [225.0.0.222:54997]...
Player connection [20860] Host joined alternative multi-casting on [225.0.0.222:34997]...
JobSystem: Creating JobQueue using job-worker-count value 9
Input System module state changed to: Initialized.
[Physics::Module] Initialized fallback backend.
[Physics::Module] Id: 0xdecafbad
Library Redirect Path: Library/
[Physics::Module] Selected backend.
[Physics::Module] Name: PhysX
[Physics::Module] Id: 0xf2b8ea05
[Physics::Module] SDK Version: 4.1.2
[Physics::Module] Integration Version: 1.0.0
[Physics::Module] Threading Mode: Multi-Threaded
Refreshing native plugins compatible for Editor in 7.15 ms, found 3 plugins.
Preloading 0 native plugins for Editor in 0.00 ms.
Initialize engine version: 6000.0.38f1 (82314a941f2d)
[Subsystems] Discovering subsystems at path C:/Program Files/Unity 6000.0.38f1/Editor/Data/Resources/UnitySubsystems
[Subsystems] Discovering subsystems at path C:/Users/25027230/My project/Assets
GfxDevice: creating device client; kGfxThreadingModeNonThreaded
Direct3D:
    Version:  Direct3D 11.0 [level 11.1]
    Renderer: Intel(R) UHD Graphics 770 (ID=0x4680)
    Vendor:   Intel
    VRAM:     3940 MB
    Driver:   32.0.101.6078
Initialize mono
Mono path[0] = 'C:/Program Files/Unity 6000.0.38f1/Editor/Data/Managed'
Mono path[1] = 'C:/Program Files/Unity 6000.0.38f1/Editor/Data/MonoBleedingEdge/lib/mono/unityjit-win32'
Mono config path = 'C:/Program Files/Unity 6000.0.38f1/Editor/Data/MonoBleedingEdge/etc'
Using monoOptions --debugger-agent=transport=dt_socket,embedding=1,server=y,suspend=n,address=127.0.0.1:56108
Begin MonoManager ReloadAssembly
Registering precompiled unity dll's ...
Register platform support module: C:/Program Files/Unity 6000.0.38f1/Editor/Data/PlaybackEngines/WebGLSupport/UnityEditor.WebGL.Extensions.dll
Register platform support module: C:/Program Files/Unity 6000.0.38f1/Editor/Data/PlaybackEngines/VisionOSPlayer/UnityEditor.VisionOS.Extensions.dll
Register platform support module: C:/Program Files/Unity 6000.0.38f1/Editor/Data/PlaybackEngines/WindowsStandaloneSupport/UnityEditor.WindowsStandalone.Extensions.dll
Register platform support module: C:/Program Files/Unity 6000.0.38f1/Editor/Data/PlaybackEngines/MetroSupport/UnityEditor.UWP.Extensions.dll
Register platform support module: C:/Program Files/Unity 6000.0.38f1/Editor/Data/PlaybackEngines/AndroidPlayer/UnityEditor.Android.Extensions.dll
Register platform support module: C:/Program Files/Unity 6000.0.38f1/Editor/Data/PlaybackEngines/iOSSupport/UnityEditor.iOS.Extensions.dll
Register platform support module: C:/Program Files/Unity 6000.0.38f1/Editor/Data/PlaybackEngines/LinuxStandaloneSupport/UnityEditor.LinuxStandalone.Extensions.dll
Registered in 0.025997 seconds.
- Loaded All Assemblies, in  0.641 seconds
Native extension for LinuxStandalone target not found
[usbmuxd] Start listen thread
[usbmuxd] Listen thread started
Native extension for iOS target not found
Native extension for Android target not found
Native extension for UWP target not found
Native extension for WindowsStandalone target not found
Failed to load: C:/Program Files/Unity 6000.0.38f1/Editor/Data/PlaybackEngines/VisionOSPlayer\x64\UnityEditor.VisionOS.Native.dll
Native extension for VisionOS target not found
Native extension for WebGL target not found
Mono: successfully reloaded assembly
- Finished resetting the current domain, in  0.528 seconds
Domain Reload Profiling: 1164ms
	BeginReloadAssembly (226ms)
		ExecutionOrderSort (0ms)
		DisableScriptedObjects (0ms)
		BackupInstance (0ms)
		ReleaseScriptingObjects (0ms)
		CreateAndSetChildDomain (1ms)
	RebuildCommonClasses (46ms)
	RebuildNativeTypeToScriptingClass (16ms)
	initialDomainReloadingComplete (106ms)
	LoadAllAssembliesAndSetupDomain (241ms)
		LoadAssemblies (224ms)
		RebuildTransferFunctionScriptingTraits (0ms)
		AnalyzeDomain (234ms)
			TypeCache.Refresh (232ms)
				TypeCache.ScanAssembly (214ms)
			BuildScriptInfoCaches (0ms)
			ResolveRequiredComponents (1ms)
	FinalizeReload (529ms)
		ReleaseScriptCaches (0ms)
		RebuildScriptCaches (0ms)
		SetupLoadedEditorAssemblies (468ms)
			LogAssemblyErrors (0ms)
			InitializePlatformSupportModulesInManaged (172ms)
			SetLoadedEditorAssemblies (5ms)
			BeforeProcessingInitializeOnLoad (68ms)
			ProcessInitializeOnLoadAttributes (146ms)
			ProcessInitializeOnLoadMethodAttributes (77ms)
			AfterProcessingInitializeOnLoad (0ms)
			EditorAssembliesLoaded (0ms)
		ExecutionOrderSort2 (0ms)
		AwakeInstancesAfterBackupRestoration (0ms)
========================================================================
Worker process is ready to serve import requests
Import Worker Mode flag is 0x00
Begin MonoManager ReloadAssembly
- Loaded All Assemblies, in  1.235 seconds
Refreshing native plugins compatible for Editor in 1.50 ms, found 3 plugins.
Native extension for LinuxStandalone target not found
Native extension for iOS target not found
Native extension for Android target not found
Native extension for UWP target not found
Native extension for WindowsStandalone target not found
Failed to load: C:/Program Files/Unity 6000.0.38f1/Editor/Data/PlaybackEngines/VisionOSPlayer\x64\UnityEditor.VisionOS.Native.dll
Native extension for VisionOS target not found
Native extension for WebGL target not found
Refreshing native plugins compatible for Editor in 1.81 ms, found 3 plugins.
Mono: successfully reloaded assembly
- Finished resetting the current domain, in  1.089 seconds
Domain Reload Profiling: 2316ms
	BeginReloadAssembly (228ms)
		ExecutionOrderSort (0ms)
		DisableScriptedObjects (12ms)
		BackupInstance (0ms)
		ReleaseScriptingObjects (0ms)
		CreateAndSetChildDomain (36ms)
	RebuildCommonClasses (53ms)
	RebuildNativeTypeToScriptingClass (17ms)
	initialDomainReloadingComplete (57ms)
	LoadAllAssembliesAndSetupDomain (871ms)
		LoadAssemblies (669ms)
		RebuildTransferFunctionScriptingTraits (0ms)
		AnalyzeDomain (338ms)
			TypeCache.Refresh (253ms)
				TypeCache.ScanAssembly (230ms)
			BuildScriptInfoCaches (66ms)
			ResolveRequiredComponents (15ms)
	FinalizeReload (1090ms)
		ReleaseScriptCaches (0ms)
		RebuildScriptCaches (0ms)
		SetupLoadedEditorAssemblies (846ms)
			LogAssemblyErrors (0ms)
			InitializePlatformSupportModulesInManaged (43ms)
			SetLoadedEditorAssemblies (6ms)
			BeforeProcessingInitializeOnLoad (142ms)
			ProcessInitializeOnLoadAttributes (528ms)
			ProcessInitializeOnLoadMethodAttributes (118ms)
			AfterProcessingInitializeOnLoad (10ms)
			EditorAssembliesLoaded (0ms)
		ExecutionOrderSort2 (0ms)
		AwakeInstancesAfterBackupRestoration (9ms)
Launched and connected shader compiler UnityShaderCompiler.exe after 0.01 seconds
Refreshing native plugins compatible for Editor in 2.13 ms, found 3 plugins.
Preloading 0 native plugins for Editor in 0.00 ms.
Unloading 273 Unused Serialized files (Serialized files now loaded: 0)
Unloading 5991 unused Assets / (7.3 MB). Loaded Objects now: 6731.
Memory consumption went from 190.4 MB to 183.1 MB.
Total: 12.866900 ms (FindLiveObjects: 1.617200 ms CreateObjectMapping: 0.985400 ms MarkObjects: 6.106000 ms  DeleteObjects: 4.155400 ms)

========================================================================
Received Import Request.
  Time since last request: 33970.457310 seconds.
  path: Assets/3D Road Tiles/roadTile_038.obj
  artifactKey: Guid(5b827b989169b484f902bb5f2341b29b) Importer(815301076,1909f56bfc062723c751e8b465ee728b)
Start importing Assets/3D Road Tiles/roadTile_038.obj using Guid(5b827b989169b484f902bb5f2341b29b) Importer(815301076,1909f56bfc062723c751e8b465ee728b) (PreviewImporter) -> (artifact id: 'da580f6e585914bacd99868df826c0d2') in 1.0438612 seconds
Number of updated asset objects reloaded before import = 0Number of asset objects unloaded after import = 15

========================================================================
Received Import Request.
  Time since last request: 0.000071 seconds.
  path: Assets/3D Road Tiles/roadTile_069.obj
  artifactKey: Guid(b0012494cacc2764faaeb58d7ab4a5a4) Importer(815301076,1909f56bfc062723c751e8b465ee728b)
Start importing Assets/3D Road Tiles/roadTile_069.obj using Guid(b0012494cacc2764faaeb58d7ab4a5a4) Importer(815301076,1909f56bfc062723c751e8b465ee728b) (PreviewImporter) -> (artifact id: 'f7a15f51fb773fe9c472027591981b23') in 0.0341253 seconds
Number of updated asset objects reloaded before import = 0Number of asset objects unloaded after import = 11

========================================================================
Received Import Request.
  Time since last request: 0.000076 seconds.
  path: Assets/3D Road Tiles/roadTile_040.obj
  artifactKey: Guid(59b661e5a5ff47644ae8b689674fa964) Importer(815301076,1909f56bfc062723c751e8b465ee728b)
Start importing Assets/3D Road Tiles/roadTile_040.obj using Guid(59b661e5a5ff47644ae8b689674fa964) Importer(815301076,1909f56bfc062723c751e8b465ee728b) (PreviewImporter) -> (artifact id: 'f0ca7e540f0b228c3f0f0b4e356518f0') in 0.0395783 seconds
Number of updated asset objects reloaded before import = 0Number of asset objects unloaded after import = 13

========================================================================
Received Import Request.
  Time since last request: 0.000038 seconds.
  path: Assets/3D Road Tiles/roadTile_051.obj
  artifactKey: Guid(f149c1d7b7ddc2b43b8ee28d201838ee) Importer(815301076,1909f56bfc062723c751e8b465ee728b)
Start importing Assets/3D Road Tiles/roadTile_051.obj using Guid(f149c1d7b7ddc2b43b8ee28d201838ee) Importer(815301076,1909f56bfc062723c751e8b465ee728b) (PreviewImporter) -> (artifact id: '8e8d2e7526bec2842ebea1f9cb26ff4f') in 0.0360193 seconds
Number of updated asset objects reloaded before import = 0Number of asset objects unloaded after import = 12

========================================================================
Received Import Request.
  Time since last request: 0.000055 seconds.
  path: Assets/3D Road Tiles/roadTile_055.obj
  artifactKey: Guid(35667902ca23031448f3bc496791ca7d) Importer(815301076,1909f56bfc062723c751e8b465ee728b)
Start importing Assets/3D Road Tiles/roadTile_055.obj using Guid(35667902ca23031448f3bc496791ca7d) Importer(815301076,1909f56bfc062723c751e8b465ee728b) (PreviewImporter) -> (artifact id: '1c73d285387a631d4d70148046a2c89d') in 0.0453073 seconds
Number of updated asset objects reloaded before import = 0Number of asset objects unloaded after import = 12

========================================================================
Received Import Request.
  Time since last request: 0.000052 seconds.
  path: Assets/3D Road Tiles/roadTile_057.obj
  artifactKey: Guid(d6e1ab7776d6c944a8419515287589aa) Importer(815301076,1909f56bfc062723c751e8b465ee728b)
Start importing Assets/3D Road Tiles/roadTile_057.obj using Guid(d6e1ab7776d6c944a8419515287589aa) Importer(815301076,1909f56bfc062723c751e8b465ee728b) (PreviewImporter) -> (artifact id: '2a3a007c82cfdcc88a33465fd0f7e861') in 0.0468936 seconds
Number of updated asset objects reloaded before import = 0Number of asset objects unloaded after import = 12

========================================================================
Received Import Request.
  Time since last request: 0.714606 seconds.
  path: Assets/3D Road Tiles/roadTile_078.obj
  artifactKey: Guid(86c08e71c11cf154480cbbaaf169dba2) Importer(815301076,1909f56bfc062723c751e8b465ee728b)
Start importing Assets/3D Road Tiles/roadTile_078.obj using Guid(86c08e71c11cf154480cbbaaf169dba2) Importer(815301076,1909f56bfc062723c751e8b465ee728b) (PreviewImporter) -> (artifact id: '4d937e758fc66a66f380c9c0c0e7bf61') in 0.041644 seconds
Number of updated asset objects reloaded before import = 0Number of asset objects unloaded after import = 11

========================================================================
Received Import Request.
  Time since last request: 0.000029 seconds.
  path: Assets/3D Road Tiles/roadTile_080.obj
  artifactKey: Guid(8d367483d9a690b478f6d26a9cbee756) Importer(815301076,1909f56bfc062723c751e8b465ee728b)
Start importing Assets/3D Road Tiles/roadTile_080.obj using Guid(8d367483d9a690b478f6d26a9cbee756) Importer(815301076,1909f56bfc062723c751e8b465ee728b) (PreviewImporter) -> (artifact id: '6bef37f9cbc2c50042c7686b0fd25497') in 0.0289875 seconds
Number of updated asset objects reloaded before import = 0Number of asset objects unloaded after import = 11

========================================================================
Received Import Request.
  Time since last request: 15.684636 seconds.
  path: Assets/3D Road Tiles/roadTile_084.obj
  artifactKey: Guid(580c8ad13d9cfdc4f88aca1b5bc8c2ba) Importer(815301076,1909f56bfc062723c751e8b465ee728b)
Start importing Assets/3D Road Tiles/roadTile_084.obj using Guid(580c8ad13d9cfdc4f88aca1b5bc8c2ba) Importer(815301076,1909f56bfc062723c751e8b465ee728b) (PreviewImporter) -> (artifact id: 'e564351f563bee90e6a8a253d02e66dc') in 0.0364755 seconds
Number of updated asset objects reloaded before import = 0Number of asset objects unloaded after import = 11

========================================================================
Received Import Request.
  Time since last request: 0.478533 seconds.
  path: Assets/3D Road Tiles/roadTile_088.obj
  artifactKey: Guid(e3b5aa7a594ac654fb5543653d7105e7) Importer(815301076,1909f56bfc062723c751e8b465ee728b)
Start importing Assets/3D Road Tiles/roadTile_088.obj using Guid(e3b5aa7a594ac654fb5543653d7105e7) Importer(815301076,1909f56bfc062723c751e8b465ee728b) (PreviewImporter) -> (artifact id: 'b5fd363debd7f49d2892a33ab86fbff0') in 0.0488755 seconds
Number of updated asset objects reloaded before import = 0Number of asset objects unloaded after import = 11

========================================================================
Received Import Request.
  Time since last request: 0.000052 seconds.
  path: Assets/3D Road Tiles/roadTile_094.obj
  artifactKey: Guid(7dcac3131ddf760488e199b847a32239) Importer(815301076,1909f56bfc062723c751e8b465ee728b)
Start importing Assets/3D Road Tiles/roadTile_094.obj using Guid(7dcac3131ddf760488e199b847a32239) Importer(815301076,1909f56bfc062723c751e8b465ee728b) (PreviewImporter) -> (artifact id: '19c9a12da811f17e0a0f174305540def') in 0.0443456 seconds
Number of updated asset objects reloaded before import = 0Number of asset objects unloaded after import = 11

========================================================================
Received Import Request.
  Time since last request: 0.000053 seconds.
  path: Assets/3D Road Tiles/roadTile_100.obj
  artifactKey: Guid(956f662c440695942bc7c2635fa50023) Importer(815301076,1909f56bfc062723c751e8b465ee728b)
Start importing Assets/3D Road Tiles/roadTile_100.obj using Guid(956f662c440695942bc7c2635fa50023) Importer(815301076,1909f56bfc062723c751e8b465ee728b) (PreviewImporter) -> (artifact id: 'f742ce4759d8ee704d439e3eb1000c30') in 0.0341749 seconds
Number of updated asset objects reloaded before import = 0Number of asset objects unloaded after import = 11

========================================================================
Received Import Request.
  Time since last request: 0.000099 seconds.
  path: Assets/3D Road Tiles/roadTile_096.obj
  artifactKey: Guid(083d79442aadd974e9c54e39f561224f) Importer(815301076,1909f56bfc062723c751e8b465ee728b)
Start importing Assets/3D Road Tiles/roadTile_096.obj using Guid(083d79442aadd974e9c54e39f561224f) Importer(815301076,1909f56bfc062723c751e8b465ee728b) (PreviewImporter) -> (artifact id: 'c5c27ab0e7216bf1e31e5a2a57c63ba2') in 0.0424661 seconds
Number of updated asset objects reloaded before import = 0Number of asset objects unloaded after import = 11

========================================================================
Received Import Request.
  Time since last request: 0.000034 seconds.
  path: Assets/3D Road Tiles/roadTile_099.obj
  artifactKey: Guid(3812e2604f8648743ac27688b867582c) Importer(815301076,1909f56bfc062723c751e8b465ee728b)
Start importing Assets/3D Road Tiles/roadTile_099.obj using Guid(3812e2604f8648743ac27688b867582c) Importer(815301076,1909f56bfc062723c751e8b465ee728b) (PreviewImporter) -> (artifact id: 'd61f6eca7d3f46172c4957803f27f798') in 0.0335156 seconds
Number of updated asset objects reloaded before import = 0Number of asset objects unloaded after import = 12

========================================================================
Received Import Request.
  Time since last request: 170.618897 seconds.
  path: Assets/Materiais/New Material 11.mat
  artifactKey: Guid(0725ccf88c1b0e44c9a52cb87b16104b) Importer(815301076,1909f56bfc062723c751e8b465ee728b)
Start importing Assets/Materiais/New Material 11.mat using Guid(0725ccf88c1b0e44c9a52cb87b16104b) Importer(815301076,1909f56bfc062723c751e8b465ee728b) (PreviewImporter) -> (artifact id: 'b993dd5adcc2adc866e735340883eea1') in 0.0618896 seconds
Number of updated asset objects reloaded before import = 0Number of asset objects unloaded after import = 1

========================================================================
Received Import Request.
  Time since last request: 30.276563 seconds.
  path: Assets/Materiais/New Material 12.mat
  artifactKey: Guid(821d0bdd90a04b54e924fe27073fd3e2) Importer(815301076,1909f56bfc062723c751e8b465ee728b)
Start importing Assets/Materiais/New Material 12.mat using Guid(821d0bdd90a04b54e924fe27073fd3e2) Importer(815301076,1909f56bfc062723c751e8b465ee728b) (PreviewImporter) -> (artifact id: '2620750be83a441129519f3bf38b2767') in 0.0206337 seconds
Number of updated asset objects reloaded before import = 0Number of asset objects unloaded after import = 1

========================================================================
Received Import Request.
  Time since last request: 90.555315 seconds.
  path: Assets/3D Road Tiles/roadTile_003.obj
  artifactKey: Guid(044f5cb1169b1d64a86c0e026ace683f) Importer(815301076,1909f56bfc062723c751e8b465ee728b)
Start importing Assets/3D Road Tiles/roadTile_003.obj using Guid(044f5cb1169b1d64a86c0e026ace683f) Importer(815301076,1909f56bfc062723c751e8b465ee728b) (PreviewImporter) -> (artifact id: 'd78a7aff40fc6b8ba5171172cb9bc83d') in 0.0284165 seconds
Number of updated asset objects reloaded before import = 0Number of asset objects unloaded after import = 10

========================================================================
Received Import Request.
  Time since last request: 0.000049 seconds.
  path: Assets/3D Road Tiles/roadTile_005.obj
  artifactKey: Guid(4b5ad218df5b2f949912a51ce45a56e4) Importer(815301076,1909f56bfc062723c751e8b465ee728b)
Start importing Assets/3D Road Tiles/roadTile_005.obj using Guid(4b5ad218df5b2f949912a51ce45a56e4) Importer(815301076,1909f56bfc062723c751e8b465ee728b) (PreviewImporter) -> (artifact id: 'ac2eb2ce74ff752a2add48423c45554e') in 0.0356073 seconds
Number of updated asset objects reloaded before import = 0Number of asset objects unloaded after import = 10

========================================================================
Received Import Request.
  Time since last request: 0.000066 seconds.
  path: Assets/3D Road Tiles/roadTile_008.obj
  artifactKey: Guid(9f78775e0100eda4aa1c6175ca3a96d2) Importer(815301076,1909f56bfc062723c751e8b465ee728b)
Start importing Assets/3D Road Tiles/roadTile_008.obj using Guid(9f78775e0100eda4aa1c6175ca3a96d2) Importer(815301076,1909f56bfc062723c751e8b465ee728b) (PreviewImporter) -> (artifact id: '13df942992f84b57aee382eeac06fe08') in 0.0363128 seconds
Number of updated asset objects reloaded before import = 0Number of asset objects unloaded after import = 10

========================================================================
Received Import Request.
  Time since last request: 0.000043 seconds.
  path: Assets/3D Road Tiles/roadTile_015.obj
  artifactKey: Guid(9af43a07f6cb3874a8782f11e4ee42a1) Importer(815301076,1909f56bfc062723c751e8b465ee728b)
Start importing Assets/3D Road Tiles/roadTile_015.obj using Guid(9af43a07f6cb3874a8782f11e4ee42a1) Importer(815301076,1909f56bfc062723c751e8b465ee728b) (PreviewImporter) -> (artifact id: '25723b47d3289955cf11346bb9487771') in 0.0315129 seconds
Number of updated asset objects reloaded before import = 0Number of asset objects unloaded after import = 11

========================================================================
Received Import Request.
  Time since last request: 0.000042 seconds.
  path: Assets/3D Road Tiles/roadTile_010.obj
  artifactKey: Guid(79c6afaa6fe873842a4f343e8729f54e) Importer(815301076,1909f56bfc062723c751e8b465ee728b)
Start importing Assets/3D Road Tiles/roadTile_010.obj using Guid(79c6afaa6fe873842a4f343e8729f54e) Importer(815301076,1909f56bfc062723c751e8b465ee728b) (PreviewImporter) -> (artifact id: '8300922b9e39e2aab83aef7e86663b46') in 0.028702 seconds
Number of updated asset objects reloaded before import = 0Number of asset objects unloaded after import = 10

========================================================================
Received Import Request.
  Time since last request: 0.000058 seconds.
  path: Assets/3D Road Tiles/roadTile_009.obj
  artifactKey: Guid(62a10e0ae8dabba429a7693049f7c2b9) Importer(815301076,1909f56bfc062723c751e8b465ee728b)
Start importing Assets/3D Road Tiles/roadTile_009.obj using Guid(62a10e0ae8dabba429a7693049f7c2b9) Importer(815301076,1909f56bfc062723c751e8b465ee728b) (PreviewImporter) -> (artifact id: '2496bb7473e2c837984f7b83a1db9d0b') in 0.0346141 seconds
Number of updated asset objects reloaded before import = 0Number of asset objects unloaded after import = 10

========================================================================
Received Import Request.
  Time since last request: 0.000060 seconds.
  path: Assets/3D Road Tiles/roadTile_012.obj
  artifactKey: Guid(821db59a507c252428b1aed3147413a3) Importer(815301076,1909f56bfc062723c751e8b465ee728b)
Start importing Assets/3D Road Tiles/roadTile_012.obj using Guid(821db59a507c252428b1aed3147413a3) Importer(815301076,1909f56bfc062723c751e8b465ee728b) (PreviewImporter) -> (artifact id: 'b518854e88b1bdda4a0d46c7e4613a88') in 0.0315508 seconds
Number of updated asset objects reloaded before import = 0Number of asset objects unloaded after import = 10

========================================================================
Received Import Request.
  Time since last request: 23.164621 seconds.
  path: Assets/3D Road Tiles/Materials/Grass.mat
  artifactKey: Guid(b58ef1741ee60ed4aaea6dde5cd04f99) Importer(815301076,1909f56bfc062723c751e8b465ee728b)
Start importing Assets/3D Road Tiles/Materials/Grass.mat using Guid(b58ef1741ee60ed4aaea6dde5cd04f99) Importer(815301076,1909f56bfc062723c751e8b465ee728b) (PreviewImporter) -> (artifact id: 'a20fe049788eb48450399670dea6eeee') in 0.0195615 seconds
Number of updated asset objects reloaded before import = 0Number of asset objects unloaded after import = 1

========================================================================
Received Import Request.
  Time since last request: 23.632971 seconds.
  path: Assets/3D Road Tiles/roadTile_018.obj
  artifactKey: Guid(06667e48bcfdd214a8ec39f5720a5745) Importer(815301076,1909f56bfc062723c751e8b465ee728b)
Start importing Assets/3D Road Tiles/roadTile_018.obj using Guid(06667e48bcfdd214a8ec39f5720a5745) Importer(815301076,1909f56bfc062723c751e8b465ee728b) (PreviewImporter) -> (artifact id: '1a58833a50ef4bdaff9554310aa378d5') in 0.0520424 seconds
Number of updated asset objects reloaded before import = 0Number of asset objects unloaded after import = 12

========================================================================
Received Import Request.
  Time since last request: 0.577302 seconds.
  path: Assets/3D Road Tiles/roadTile_023.obj
  artifactKey: Guid(28f8c28668840a54d9d3139e3bf8fe1d) Importer(815301076,1909f56bfc062723c751e8b465ee728b)
Start importing Assets/3D Road Tiles/roadTile_023.obj using Guid(28f8c28668840a54d9d3139e3bf8fe1d) Importer(815301076,1909f56bfc062723c751e8b465ee728b) (PreviewImporter) -> (artifact id: 'a2ad6d997c74623e244f424ba4403956') in 0.04634 seconds
Number of updated asset objects reloaded before import = 0Number of asset objects unloaded after import = 11

========================================================================
Received Import Request.
  Time since last request: 8.014148 seconds.
  path: Assets/3D Road Tiles/roadTile_028.obj
  artifactKey: Guid(fd7449c14876ee64eb0549134a34f417) Importer(815301076,1909f56bfc062723c751e8b465ee728b)
Start importing Assets/3D Road Tiles/roadTile_028.obj using Guid(fd7449c14876ee64eb0549134a34f417) Importer(815301076,1909f56bfc062723c751e8b465ee728b) (PreviewImporter) -> (artifact id: '642b0dbb31132bfada6e36c987c79c08') in 0.0408599 seconds
Number of updated asset objects reloaded before import = 0Number of asset objects unloaded after import = 10

========================================================================
Received Import Request.
  Time since last request: 20.482529 seconds.
  path: Assets/3D Road Tiles/roadTile_033.obj
  artifactKey: Guid(b06c7cff59fe9ed438a25e400a940898) Importer(815301076,1909f56bfc062723c751e8b465ee728b)
Start importing Assets/3D Road Tiles/roadTile_033.obj using Guid(b06c7cff59fe9ed438a25e400a940898) Importer(815301076,1909f56bfc062723c751e8b465ee728b) (PreviewImporter) -> (artifact id: '2cbadb813b1a0b7ff7524a56eae327a7') in 0.0484337 seconds
Number of updated asset objects reloaded before import = 0Number of asset objects unloaded after import = 12

========================================================================
Received Import Request.
  Time since last request: 0.000050 seconds.
  path: Assets/3D Road Tiles/roadTile_049.obj
  artifactKey: Guid(e36e8d2d2396fd34597b238837348cae) Importer(815301076,1909f56bfc062723c751e8b465ee728b)
Start importing Assets/3D Road Tiles/roadTile_049.obj using Guid(e36e8d2d2396fd34597b238837348cae) Importer(815301076,1909f56bfc062723c751e8b465ee728b) (PreviewImporter) -> (artifact id: '7668632e0ed9f76b749bfdf9fdbab8c6') in 0.045304 seconds
Number of updated asset objects reloaded before import = 0Number of asset objects unloaded after import = 12

========================================================================
Received Import Request.
  Time since last request: 0.000055 seconds.
  path: Assets/3D Road Tiles/roadTile_046.obj
  artifactKey: Guid(d7016e4d5663e5548929e98603480bf4) Importer(815301076,1909f56bfc062723c751e8b465ee728b)
Start importing Assets/3D Road Tiles/roadTile_046.obj using Guid(d7016e4d5663e5548929e98603480bf4) Importer(815301076,1909f56bfc062723c751e8b465ee728b) (PreviewImporter) -> (artifact id: '03e8928e735f9d8fb8d3af1edb6a07b9') in 0.055195 seconds
Number of updated asset objects reloaded before import = 0Number of asset objects unloaded after import = 12

========================================================================
Received Import Request.
  Time since last request: 0.000168 seconds.
  path: Assets/3D Road Tiles/roadTile_048.obj
  artifactKey: Guid(32576ad4f93a0a940911fb55c93c4012) Importer(815301076,1909f56bfc062723c751e8b465ee728b)
Start importing Assets/3D Road Tiles/roadTile_048.obj using Guid(32576ad4f93a0a940911fb55c93c4012) Importer(815301076,1909f56bfc062723c751e8b465ee728b) (PreviewImporter) -> (artifact id: '4cf3260bf24d50697979e6f420c18ad0') in 0.0379249 seconds
Number of updated asset objects reloaded before import = 0Number of asset objects unloaded after import = 12

========================================================================
Received Import Request.
  Time since last request: 0.000050 seconds.
  path: Assets/3D Road Tiles/roadTile_061.obj
  artifactKey: Guid(6f82b05a99e9bd0499bfcd05458d46ea) Importer(815301076,1909f56bfc062723c751e8b465ee728b)
Start importing Assets/3D Road Tiles/roadTile_061.obj using Guid(6f82b05a99e9bd0499bfcd05458d46ea) Importer(815301076,1909f56bfc062723c751e8b465ee728b) (PreviewImporter) -> (artifact id: '98c05ba4c8aeee2244d9e837cfb6506c') in 0.0368588 seconds
Number of updated asset objects reloaded before import = 0Number of asset objects unloaded after import = 11

========================================================================
Received Import Request.
  Time since last request: 0.000075 seconds.
  path: Assets/3D Road Tiles/roadTile_054.obj
  artifactKey: Guid(9c6df83e7d76dbf4286f7084e7f4e5ad) Importer(815301076,1909f56bfc062723c751e8b465ee728b)
Start importing Assets/3D Road Tiles/roadTile_054.obj using Guid(9c6df83e7d76dbf4286f7084e7f4e5ad) Importer(815301076,1909f56bfc062723c751e8b465ee728b) (PreviewImporter) -> (artifact id: '9378ff61568eb1e17358b2aa28039c42') in 0.0399703 seconds
Number of updated asset objects reloaded before import = 0Number of asset objects unloaded after import = 12

========================================================================
Received Import Request.
  Time since last request: 0.000084 seconds.
  path: Assets/3D Road Tiles/roadTile_069.obj
  artifactKey: Guid(b0012494cacc2764faaeb58d7ab4a5a4) Importer(815301076,1909f56bfc062723c751e8b465ee728b)
Start importing Assets/3D Road Tiles/roadTile_069.obj using Guid(b0012494cacc2764faaeb58d7ab4a5a4) Importer(815301076,1909f56bfc062723c751e8b465ee728b) (PreviewImporter) -> (artifact id: '8ab6dc099d67f029c6b778f6b07e3867') in 0.0417737 seconds
Number of updated asset objects reloaded before import = 0Number of asset objects unloaded after import = 11

========================================================================
Received Import Request.
  Time since last request: 0.000038 seconds.
  path: Assets/3D Road Tiles/roadTile_071.obj
  artifactKey: Guid(99274bfb2d8467348a650e4bdb985fc1) Importer(815301076,1909f56bfc062723c751e8b465ee728b)
Start importing Assets/3D Road Tiles/roadTile_071.obj using Guid(99274bfb2d8467348a650e4bdb985fc1) Importer(815301076,1909f56bfc062723c751e8b465ee728b) (PreviewImporter) -> (artifact id: '03af35cf6b6d3ec3a2b720cca17d8ccb') in 0.0387628 seconds
Number of updated asset objects reloaded before import = 0Number of asset objects unloaded after import = 11

========================================================================
Received Import Request.
  Time since last request: 0.000057 seconds.
  path: Assets/3D Road Tiles/roadTile_086.obj
  artifactKey: Guid(d6176839e40a3584183decbef1d04fa2) Importer(815301076,1909f56bfc062723c751e8b465ee728b)
Start importing Assets/3D Road Tiles/roadTile_086.obj using Guid(d6176839e40a3584183decbef1d04fa2) Importer(815301076,1909f56bfc062723c751e8b465ee728b) (PreviewImporter) -> (artifact id: '11a5521f8496000ee14696fe6d71ec65') in 0.0433019 seconds
Number of updated asset objects reloaded before import = 0Number of asset objects unloaded after import = 11

========================================================================
Received Import Request.
  Time since last request: 0.000056 seconds.
  path: Assets/3D Road Tiles/roadTile_091.obj
  artifactKey: Guid(90c6fa207b56dc243a6b01c975a7b027) Importer(815301076,1909f56bfc062723c751e8b465ee728b)
Start importing Assets/3D Road Tiles/roadTile_091.obj using Guid(90c6fa207b56dc243a6b01c975a7b027) Importer(815301076,1909f56bfc062723c751e8b465ee728b) (PreviewImporter) -> (artifact id: 'fdabf5d79f7825285aa5cd9f0b7fd5c0') in 0.0416936 seconds
Number of updated asset objects reloaded before import = 0Number of asset objects unloaded after import = 11

========================================================================
Received Import Request.
  Time since last request: 0.000064 seconds.
  path: Assets/3D Road Tiles/roadTile_093.obj
  artifactKey: Guid(94d8b5f4d8f0f554982529e436514341) Importer(815301076,1909f56bfc062723c751e8b465ee728b)
Start importing Assets/3D Road Tiles/roadTile_093.obj using Guid(94d8b5f4d8f0f554982529e436514341) Importer(815301076,1909f56bfc062723c751e8b465ee728b) (PreviewImporter) -> (artifact id: '5084c678e33a06c6787dfa6658214f84') in 0.0416231 seconds
Number of updated asset objects reloaded before import = 0Number of asset objects unloaded after import = 12

========================================================================
Received Import Request.
  Time since last request: 0.000096 seconds.
  path: Assets/3D Road Tiles/roadTile_055.obj
  artifactKey: Guid(35667902ca23031448f3bc496791ca7d) Importer(815301076,1909f56bfc062723c751e8b465ee728b)
Start importing Assets/3D Road Tiles/roadTile_055.obj using Guid(35667902ca23031448f3bc496791ca7d) Importer(815301076,1909f56bfc062723c751e8b465ee728b) (PreviewImporter) -> (artifact id: '8766d3d980a4397d6652c18649392fe4') in 0.0333724 seconds
Number of updated asset objects reloaded before import = 0Number of asset objects unloaded after import = 12

========================================================================
Received Import Request.
  Time since last request: 0.000068 seconds.
  path: Assets/3D Road Tiles/roadTile_096.obj
  artifactKey: Guid(083d79442aadd974e9c54e39f561224f) Importer(815301076,1909f56bfc062723c751e8b465ee728b)
Start importing Assets/3D Road Tiles/roadTile_096.obj using Guid(083d79442aadd974e9c54e39f561224f) Importer(815301076,1909f56bfc062723c751e8b465ee728b) (PreviewImporter) -> (artifact id: 'b48a642b877c4fdc18d1f764b6a0dbca') in 0.0373308 seconds
Number of updated asset objects reloaded before import = 0Number of asset objects unloaded after import = 11

========================================================================
Received Import Request.
  Time since last request: 0.000056 seconds.
  path: Assets/3D Road Tiles/roadTile_075.obj
  artifactKey: Guid(bbe73deae0319f643af6b89913b1031b) Importer(815301076,1909f56bfc062723c751e8b465ee728b)
Start importing Assets/3D Road Tiles/roadTile_075.obj using Guid(bbe73deae0319f643af6b89913b1031b) Importer(815301076,1909f56bfc062723c751e8b465ee728b) (PreviewImporter) -> (artifact id: '307eed565374c511572ab859d1fa4cfa') in 0.0390912 seconds
Number of updated asset objects reloaded before import = 0Number of asset objects unloaded after import = 12

========================================================================
Received Import Request.
  Time since last request: 0.000092 seconds.
  path: Assets/3D Road Tiles/roadTile_104.obj
  artifactKey: Guid(2f4ba25c7f9d5a646820266a1ad20e7c) Importer(815301076,1909f56bfc062723c751e8b465ee728b)
Start importing Assets/3D Road Tiles/roadTile_104.obj using Guid(2f4ba25c7f9d5a646820266a1ad20e7c) Importer(815301076,1909f56bfc062723c751e8b465ee728b) (PreviewImporter) -> (artifact id: 'a8b4ea9ae7d9005edbaa2c04e2561d5d') in 0.0349437 seconds
Number of updated asset objects reloaded before import = 0Number of asset objects unloaded after import = 13

========================================================================
Received Import Request.
  Time since last request: 0.056991 seconds.
  path: Assets/3D Road Tiles/roadTile_108.obj
  artifactKey: Guid(3e5c800b0f8de6948b7b885a775f5ab5) Importer(815301076,1909f56bfc062723c751e8b465ee728b)
Start importing Assets/3D Road Tiles/roadTile_108.obj using Guid(3e5c800b0f8de6948b7b885a775f5ab5) Importer(815301076,1909f56bfc062723c751e8b465ee728b) (PreviewImporter) -> (artifact id: 'b9ae0b6667d0f4b99911563807d1563b') in 0.0420067 seconds
Number of updated asset objects reloaded before import = 0Number of asset objects unloaded after import = 11

========================================================================
Received Import Request.
  Time since last request: 0.000043 seconds.
  path: Assets/3D Road Tiles/roadTile_115.obj
  artifactKey: Guid(d7e12554618c6e3469036aa77d4245e7) Importer(815301076,1909f56bfc062723c751e8b465ee728b)
Start importing Assets/3D Road Tiles/roadTile_115.obj using Guid(d7e12554618c6e3469036aa77d4245e7) Importer(815301076,1909f56bfc062723c751e8b465ee728b) (PreviewImporter) -> (artifact id: 'f743b0dd182a188b18ae197fed9abad2') in 0.0388737 seconds
Number of updated asset objects reloaded before import = 0Number of asset objects unloaded after import = 11

========================================================================
Received Import Request.
  Time since last request: 0.000051 seconds.
  path: Assets/3D Road Tiles/roadTile_120.obj
  artifactKey: Guid(2424a239d2cc57f4f8056a087284aca6) Importer(815301076,1909f56bfc062723c751e8b465ee728b)
Start importing Assets/3D Road Tiles/roadTile_120.obj using Guid(2424a239d2cc57f4f8056a087284aca6) Importer(815301076,1909f56bfc062723c751e8b465ee728b) (PreviewImporter) -> (artifact id: '8c2c4a03c196507da1b030157232a829') in 0.0396032 seconds
Number of updated asset objects reloaded before import = 0Number of asset objects unloaded after import = 11

========================================================================
Received Import Request.
  Time since last request: 1.098736 seconds.
  path: Assets/3D Road Tiles/roadTile_123.obj
  artifactKey: Guid(a7030f5e15da56649a3b267fc8c18eda) Importer(815301076,1909f56bfc062723c751e8b465ee728b)
Start importing Assets/3D Road Tiles/roadTile_123.obj using Guid(a7030f5e15da56649a3b267fc8c18eda) Importer(815301076,1909f56bfc062723c751e8b465ee728b) (PreviewImporter) -> (artifact id: '4ae415cfa903661287de71335c1b6c53') in 0.0394511 seconds
Number of updated asset objects reloaded before import = 0Number of asset objects unloaded after import = 11

========================================================================
Received Import Request.
  Time since last request: 0.000044 seconds.
  path: Assets/3D Road Tiles/roadTile_128.obj
  artifactKey: Guid(f958d7b45090d02439573e3641b8b755) Importer(815301076,1909f56bfc062723c751e8b465ee728b)
Start importing Assets/3D Road Tiles/roadTile_128.obj using Guid(f958d7b45090d02439573e3641b8b755) Importer(815301076,1909f56bfc062723c751e8b465ee728b) (PreviewImporter) -> (artifact id: 'b844f3f412f9f0fd70711da4cc00cd43') in 0.0437395 seconds
Number of updated asset objects reloaded before import = 0Number of asset objects unloaded after import = 11

========================================================================
Received Import Request.
  Time since last request: 3.262822 seconds.
  path: Assets/3D Road Tiles/roadTile_133.obj
  artifactKey: Guid(d515fc38510a98e4c97048078cd687f0) Importer(815301076,1909f56bfc062723c751e8b465ee728b)
Start importing Assets/3D Road Tiles/roadTile_133.obj using Guid(d515fc38510a98e4c97048078cd687f0) Importer(815301076,1909f56bfc062723c751e8b465ee728b) (PreviewImporter) -> (artifact id: 'fa483440be8b49677cf180b58f3d95c3') in 0.0446997 seconds
Number of updated asset objects reloaded before import = 0Number of asset objects unloaded after import = 12

========================================================================
Received Import Request.
  Time since last request: 0.317376 seconds.
  path: Assets/3D Road Tiles/roadTile_138.obj
  artifactKey: Guid(78ca336c3c3c1174aa040b4f267480af) Importer(815301076,1909f56bfc062723c751e8b465ee728b)
Start importing Assets/3D Road Tiles/roadTile_138.obj using Guid(78ca336c3c3c1174aa040b4f267480af) Importer(815301076,1909f56bfc062723c751e8b465ee728b) (PreviewImporter) -> (artifact id: '8d26dddf2fbac3ec5ceaed434decc6e4') in 0.0382593 seconds
Number of updated asset objects reloaded before import = 0Number of asset objects unloaded after import = 11

========================================================================
Received Import Request.
  Time since last request: 1.796001 seconds.
  path: Assets/3D Road Tiles/roadTile_143.obj
  artifactKey: Guid(1480df1d75c4c284ba803f9544d3e8ac) Importer(815301076,1909f56bfc062723c751e8b465ee728b)
Start importing Assets/3D Road Tiles/roadTile_143.obj using Guid(1480df1d75c4c284ba803f9544d3e8ac) Importer(815301076,1909f56bfc062723c751e8b465ee728b) (PreviewImporter) -> (artifact id: '83f3b053c1c18503acd8546987e5c1fe') in 0.0409364 seconds
Number of updated asset objects reloaded before import = 0Number of asset objects unloaded after import = 12

========================================================================
Received Import Request.
  Time since last request: 0.178621 seconds.
  path: Assets/3D Road Tiles/roadTile_148.obj
  artifactKey: Guid(3daa7ceaa61b3ef468d72bcb5f465440) Importer(815301076,1909f56bfc062723c751e8b465ee728b)
Start importing Assets/3D Road Tiles/roadTile_148.obj using Guid(3daa7ceaa61b3ef468d72bcb5f465440) Importer(815301076,1909f56bfc062723c751e8b465ee728b) (PreviewImporter) -> (artifact id: '83a2f42811c2dd360ce091b1b65e69be') in 0.0467446 seconds
Number of updated asset objects reloaded before import = 0Number of asset objects unloaded after import = 12

========================================================================
Received Import Request.
  Time since last request: 0.878678 seconds.
  path: Assets/3D Road Tiles/roadTile_153.obj
  artifactKey: Guid(a2cd9e4d28bd19e4c882fcdcfcc4bced) Importer(815301076,1909f56bfc062723c751e8b465ee728b)
Start importing Assets/3D Road Tiles/roadTile_153.obj using Guid(a2cd9e4d28bd19e4c882fcdcfcc4bced) Importer(815301076,1909f56bfc062723c751e8b465ee728b) (PreviewImporter) -> (artifact id: '825b7ca5b2c5668c8fcd36ec5d00a10a') in 0.0419387 seconds
Number of updated asset objects reloaded before import = 0Number of asset objects unloaded after import = 12

========================================================================
Received Import Request.
  Time since last request: 0.054435 seconds.
  path: Assets/3D Road Tiles/roadTile_158.obj
  artifactKey: Guid(d9234fedb3ac0e541bceb0f77df8b81c) Importer(815301076,1909f56bfc062723c751e8b465ee728b)
Start importing Assets/3D Road Tiles/roadTile_158.obj using Guid(d9234fedb3ac0e541bceb0f77df8b81c) Importer(815301076,1909f56bfc062723c751e8b465ee728b) (PreviewImporter) -> (artifact id: 'da6975e7190c4ea90ba39667a7d76076') in 0.0449807 seconds
Number of updated asset objects reloaded before import = 0Number of asset objects unloaded after import = 11

========================================================================
Received Import Request.
  Time since last request: 2.425676 seconds.
  path: Assets/3D Road Tiles/roadTile_163.obj
  artifactKey: Guid(2d3f540d2e0d6c043811b6ee062a2e66) Importer(815301076,1909f56bfc062723c751e8b465ee728b)
Start importing Assets/3D Road Tiles/roadTile_163.obj using Guid(2d3f540d2e0d6c043811b6ee062a2e66) Importer(815301076,1909f56bfc062723c751e8b465ee728b) (PreviewImporter) -> (artifact id: '11b58bd384010c8aa593e9afbaccae4f') in 0.0405372 seconds
Number of updated asset objects reloaded before import = 0Number of asset objects unloaded after import = 10

========================================================================
Received Import Request.
  Time since last request: 0.054311 seconds.
  path: Assets/3D Road Tiles/roadTile_168.obj
  artifactKey: Guid(a0a6bdb0b71749d4882f483134c429c0) Importer(815301076,1909f56bfc062723c751e8b465ee728b)
Start importing Assets/3D Road Tiles/roadTile_168.obj using Guid(a0a6bdb0b71749d4882f483134c429c0) Importer(815301076,1909f56bfc062723c751e8b465ee728b) (PreviewImporter) -> (artifact id: '9e939e0f5fe8c26395054f072e953f4c') in 0.0442285 seconds
Number of updated asset objects reloaded before import = 0Number of asset objects unloaded after import = 11

========================================================================
Received Import Request.
  Time since last request: 1.275942 seconds.
  path: Assets/3D Road Tiles/roadTile_173.obj
  artifactKey: Guid(7517b637680459040868513e4d2e5351) Importer(815301076,1909f56bfc062723c751e8b465ee728b)
Start importing Assets/3D Road Tiles/roadTile_173.obj using Guid(7517b637680459040868513e4d2e5351) Importer(815301076,1909f56bfc062723c751e8b465ee728b) (PreviewImporter) -> (artifact id: '285d39a9c36322517f070c99f8a4bec7') in 0.0438415 seconds
Number of updated asset objects reloaded before import = 0Number of asset objects unloaded after import = 11

========================================================================
Received Import Request.
  Time since last request: 2.241768 seconds.
  path: Assets/3D Road Tiles/roadTile_178.obj
  artifactKey: Guid(6c6aee146f02e1f4184386201955f017) Importer(815301076,1909f56bfc062723c751e8b465ee728b)
Start importing Assets/3D Road Tiles/roadTile_178.obj using Guid(6c6aee146f02e1f4184386201955f017) Importer(815301076,1909f56bfc062723c751e8b465ee728b) (PreviewImporter) -> (artifact id: '3d808e289baeabeefce99713b101b5b2') in 0.0501274 seconds
Number of updated asset objects reloaded before import = 0Number of asset objects unloaded after import = 11

========================================================================
Received Import Request.
  Time since last request: 0.691064 seconds.
  path: Assets/3D Road Tiles/roadTile_183.obj
  artifactKey: Guid(4cbb97c1f2cd2584f92036b151afb5ed) Importer(815301076,1909f56bfc062723c751e8b465ee728b)
Start importing Assets/3D Road Tiles/roadTile_183.obj using Guid(4cbb97c1f2cd2584f92036b151afb5ed) Importer(815301076,1909f56bfc062723c751e8b465ee728b) (PreviewImporter) -> (artifact id: '5a136dc9126aaddbaa7c8c12de6ca7d6') in 0.0470953 seconds
Number of updated asset objects reloaded before import = 0Number of asset objects unloaded after import = 12

========================================================================
Received Import Request.
  Time since last request: 2.492223 seconds.
  path: Assets/3D Road Tiles/roadTile_188.obj
  artifactKey: Guid(5212b89c70db9e141a3147f7bf1cc689) Importer(815301076,1909f56bfc062723c751e8b465ee728b)
Start importing Assets/3D Road Tiles/roadTile_188.obj using Guid(5212b89c70db9e141a3147f7bf1cc689) Importer(815301076,1909f56bfc062723c751e8b465ee728b) (PreviewImporter) -> (artifact id: '95ec472376575aad64b4fe941b7e19c5') in 0.0440237 seconds
Number of updated asset objects reloaded before import = 0Number of asset objects unloaded after import = 13

========================================================================
Received Import Request.
  Time since last request: 1.463013 seconds.
  path: Assets/3D Road Tiles/roadTile_193.obj
  artifactKey: Guid(52be7818e64a85e4fa1271b01d8cfdfa) Importer(815301076,1909f56bfc062723c751e8b465ee728b)
Start importing Assets/3D Road Tiles/roadTile_193.obj using Guid(52be7818e64a85e4fa1271b01d8cfdfa) Importer(815301076,1909f56bfc062723c751e8b465ee728b) (PreviewImporter) -> (artifact id: 'bf23032d389019f1848592fb9e06cb2a') in 0.0430732 seconds
Number of updated asset objects reloaded before import = 0Number of asset objects unloaded after import = 12

========================================================================
Received Import Request.
  Time since last request: 1.485119 seconds.
  path: Assets/3D Road Tiles/roadTile_198.obj
  artifactKey: Guid(4c410812c15c8c74786162e13d6e860d) Importer(815301076,1909f56bfc062723c751e8b465ee728b)
Start importing Assets/3D Road Tiles/roadTile_198.obj using Guid(4c410812c15c8c74786162e13d6e860d) Importer(815301076,1909f56bfc062723c751e8b465ee728b) (PreviewImporter) -> (artifact id: '14f72832aebf4c9ec897f5abb4e16890') in 0.0417115 seconds
Number of updated asset objects reloaded before import = 0Number of asset objects unloaded after import = 11

========================================================================
Received Import Request.
  Time since last request: 0.000032 seconds.
  path: Assets/3D Road Tiles/roadTile_202.obj
  artifactKey: Guid(c8ecc46cc0152844b84bf2198f6f8153) Importer(815301076,1909f56bfc062723c751e8b465ee728b)
Start importing Assets/3D Road Tiles/roadTile_202.obj using Guid(c8ecc46cc0152844b84bf2198f6f8153) Importer(815301076,1909f56bfc062723c751e8b465ee728b) (PreviewImporter) -> (artifact id: '697f5c58426d0bfda196683ac817d89c') in 0.0430248 seconds
Number of updated asset objects reloaded before import = 0Number of asset objects unloaded after import = 11

Editor requested this worker to shutdown with reason: Scaling down because of idle timeout
AssetImportWorker is now disconnected from the server
Process exiting
Exiting without the bug reporter. Application will terminate with return code 0