Using pre-set license
Built from '6000.0/staging' branch; Version is '6000.0.38f1 (82314a941f2d) revision 8532298'; Using compiler version '193933523'; Build Type 'Release'
OS: 'Windows 10  (10.0.19045) 64bit Professional' Language: 'pt' Physical Memory: 7880 MB
BatchMode: 1, IsHumanControllingUs: 0, StartBugReporterOnCrash: 0, Is64bit: 1, IsPro: 1

COMMAND LINE ARGUMENTS:
C:\Program Files\Unity 6000.0.38f1\Editor\Unity.exe
-adb2
-batchMode
-noUpm
-name
AssetImportWorker5
-projectPath
C:/Users/25027230/Documents/GitHub/Projeto4/Beefed Up!
-logFile
Logs/AssetImportWorker5.log
-srvPort
56584
-job-worker-count
9
-background-job-worker-count
8
-gc-helper-count
1
Successfully changed project path to: C:/Users/25027230/Documents/GitHub/Projeto4/Beefed Up!
C:/Users/25027230/Documents/GitHub/Projeto4/Beefed Up!
[UnityMemory] Configuration Parameters - Can be set up in boot.config
    "memorysetup-bucket-allocator-granularity=16"
    "memorysetup-bucket-allocator-bucket-count=8"
    "memorysetup-bucket-allocator-block-size=33554432"
    "memorysetup-bucket-allocator-block-count=8"
    "memorysetup-main-allocator-block-size=16777216"
    "memorysetup-thread-allocator-block-size=16777216"
    "memorysetup-gfx-main-allocator-block-size=16777216"
    "memorysetup-gfx-thread-allocator-block-size=16777216"
    "memorysetup-cache-allocator-block-size=4194304"
    "memorysetup-typetree-allocator-block-size=2097152"
    "memorysetup-profiler-bucket-allocator-granularity=16"
    "memorysetup-profiler-bucket-allocator-bucket-count=8"
    "memorysetup-profiler-bucket-allocator-block-size=33554432"
    "memorysetup-profiler-bucket-allocator-block-count=8"
    "memorysetup-profiler-allocator-block-size=16777216"
    "memorysetup-profiler-editor-allocator-block-size=1048576"
    "memorysetup-temp-allocator-size-main=16777216"
    "memorysetup-job-temp-allocator-block-size=2097152"
    "memorysetup-job-temp-allocator-block-size-background=1048576"
    "memorysetup-job-temp-allocator-reduction-small-platforms=262144"
    "memorysetup-allocator-temp-initial-block-size-main=262144"
    "memorysetup-allocator-temp-initial-block-size-worker=262144"
    "memorysetup-temp-allocator-size-background-worker=32768"
    "memorysetup-temp-allocator-size-job-worker=262144"
    "memorysetup-temp-allocator-size-preload-manager=33554432"
    "memorysetup-temp-allocator-size-nav-mesh-worker=65536"
    "memorysetup-temp-allocator-size-audio-worker=65536"
    "memorysetup-temp-allocator-size-cloud-worker=32768"
    "memorysetup-temp-allocator-size-gi-baking-worker=262144"
    "memorysetup-temp-allocator-size-gi-baking-worker=262144"
    "memorysetup-temp-allocator-size-gi-baking-worker=262144"
    "memorysetup-temp-allocator-size-gi-baking-worker=262144"
    "memorysetup-temp-allocator-size-gi-baking-worker=262144"
    "memorysetup-temp-allocator-size-gfx=262144"
Player connection [11352]  Target information:

Player connection [11352]  * "[IP] 10.1.34.132 [Port] 0 [Flags] 2 [Guid] 1409052206 [EditorId] 1409052206 [Version] 1048832 [Id] WindowsEditor(7,350-14) [Debug] 1 [PackageName] WindowsEditor [ProjectName] Editor" 

Player connection [11352]  * "[IP] 169.254.248.98 [Port] 0 [Flags] 2 [Guid] 1409052206 [EditorId] 1409052206 [Version] 1048832 [Id] WindowsEditor(7,350-14) [Debug] 1 [PackageName] WindowsEditor [ProjectName] Editor" 

Player connection [11352]  * "[IP] 172.29.224.1 [Port] 0 [Flags] 2 [Guid] 1409052206 [EditorId] 1409052206 [Version] 1048832 [Id] WindowsEditor(7,350-14) [Debug] 1 [PackageName] WindowsEditor [ProjectName] Editor" 

Player connection [11352] Host joined multi-casting on [225.0.0.222:54997]...
Player connection [11352] Host joined alternative multi-casting on [225.0.0.222:34997]...
JobSystem: Creating JobQueue using job-worker-count value 9
Input System module state changed to: Initialized.
[Physics::Module] Initialized fallback backend.
[Physics::Module] Id: 0xdecafbad
Library Redirect Path: Library/
[Physics::Module] Selected backend.
[Physics::Module] Name: PhysX
[Physics::Module] Id: 0xf2b8ea05
[Physics::Module] SDK Version: 4.1.2
[Physics::Module] Integration Version: 1.0.0
[Physics::Module] Threading Mode: Multi-Threaded
Refreshing native plugins compatible for Editor in 5.02 ms, found 3 plugins.
Preloading 0 native plugins for Editor in 0.00 ms.
Initialize engine version: 6000.0.38f1 (82314a941f2d)
[Subsystems] Discovering subsystems at path C:/Program Files/Unity 6000.0.38f1/Editor/Data/Resources/UnitySubsystems
[Subsystems] Discovering subsystems at path C:/Users/25027230/Documents/GitHub/Projeto4/Beefed Up!/Assets
GfxDevice: creating device client; kGfxThreadingModeNonThreaded
Direct3D:
    Version:  Direct3D 11.0 [level 11.1]
    Renderer: Intel(R) UHD Graphics 770 (ID=0x4680)
    Vendor:   Intel
    VRAM:     3940 MB
    Driver:   32.0.101.6078
Initialize mono
Mono path[0] = 'C:/Program Files/Unity 6000.0.38f1/Editor/Data/Managed'
Mono path[1] = 'C:/Program Files/Unity 6000.0.38f1/Editor/Data/MonoBleedingEdge/lib/mono/unityjit-win32'
Mono config path = 'C:/Program Files/Unity 6000.0.38f1/Editor/Data/MonoBleedingEdge/etc'
Using monoOptions --debugger-agent=transport=dt_socket,embedding=1,server=y,suspend=n,address=127.0.0.1:56960
Begin MonoManager ReloadAssembly
Registering precompiled unity dll's ...
Register platform support module: C:/Program Files/Unity 6000.0.38f1/Editor/Data/PlaybackEngines/WebGLSupport/UnityEditor.WebGL.Extensions.dll
Register platform support module: C:/Program Files/Unity 6000.0.38f1/Editor/Data/PlaybackEngines/VisionOSPlayer/UnityEditor.VisionOS.Extensions.dll
Register platform support module: C:/Program Files/Unity 6000.0.38f1/Editor/Data/PlaybackEngines/WindowsStandaloneSupport/UnityEditor.WindowsStandalone.Extensions.dll
Register platform support module: C:/Program Files/Unity 6000.0.38f1/Editor/Data/PlaybackEngines/MetroSupport/UnityEditor.UWP.Extensions.dll
Register platform support module: C:/Program Files/Unity 6000.0.38f1/Editor/Data/PlaybackEngines/AndroidPlayer/UnityEditor.Android.Extensions.dll
Register platform support module: C:/Program Files/Unity 6000.0.38f1/Editor/Data/PlaybackEngines/iOSSupport/UnityEditor.iOS.Extensions.dll
Register platform support module: C:/Program Files/Unity 6000.0.38f1/Editor/Data/PlaybackEngines/LinuxStandaloneSupport/UnityEditor.LinuxStandalone.Extensions.dll
Registered in 0.018785 seconds.
- Loaded All Assemblies, in  0.686 seconds
Native extension for LinuxStandalone target not found
[usbmuxd] Start listen thread
[usbmuxd] Listen thread started
Native extension for iOS target not found
Native extension for Android target not found
Native extension for UWP target not found
Native extension for WindowsStandalone target not found
Failed to load: C:/Program Files/Unity 6000.0.38f1/Editor/Data/PlaybackEngines/VisionOSPlayer\x64\UnityEditor.VisionOS.Native.dll
Native extension for VisionOS target not found
Native extension for WebGL target not found
Mono: successfully reloaded assembly
- Finished resetting the current domain, in  0.561 seconds
Domain Reload Profiling: 1243ms
	BeginReloadAssembly (247ms)
		ExecutionOrderSort (0ms)
		DisableScriptedObjects (0ms)
		BackupInstance (0ms)
		ReleaseScriptingObjects (0ms)
		CreateAndSetChildDomain (1ms)
	RebuildCommonClasses (53ms)
	RebuildNativeTypeToScriptingClass (16ms)
	initialDomainReloadingComplete (90ms)
	LoadAllAssembliesAndSetupDomain (275ms)
		LoadAssemblies (245ms)
		RebuildTransferFunctionScriptingTraits (0ms)
		AnalyzeDomain (267ms)
			TypeCache.Refresh (263ms)
				TypeCache.ScanAssembly (244ms)
			BuildScriptInfoCaches (1ms)
			ResolveRequiredComponents (1ms)
	FinalizeReload (562ms)
		ReleaseScriptCaches (0ms)
		RebuildScriptCaches (0ms)
		SetupLoadedEditorAssemblies (500ms)
			LogAssemblyErrors (0ms)
			InitializePlatformSupportModulesInManaged (184ms)
			SetLoadedEditorAssemblies (5ms)
			BeforeProcessingInitializeOnLoad (71ms)
			ProcessInitializeOnLoadAttributes (167ms)
			ProcessInitializeOnLoadMethodAttributes (73ms)
			AfterProcessingInitializeOnLoad (0ms)
			EditorAssembliesLoaded (0ms)
		ExecutionOrderSort2 (0ms)
		AwakeInstancesAfterBackupRestoration (0ms)
Assembly reference Packages/com.unity.cinemachine/Editor/Samples/ExposeHDRPInternals/HDRP-Editor-ref.asmref has no target assembly definition
========================================================================
Worker process is ready to serve import requests
Import Worker Mode flag is 0x00
Assembly reference Packages/com.unity.cinemachine/Editor/Samples/ExposeHDRPInternals/HDRP-Editor-ref.asmref has no target assembly definition
Assembly reference Packages/com.unity.cinemachine/Editor/Samples/ExposeHDRPInternals/HDRP-Editor-ref.asmref has no target assembly definition
Begin MonoManager ReloadAssembly
- Loaded All Assemblies, in  1.371 seconds
Assembly reference Packages/com.unity.cinemachine/Editor/Samples/ExposeHDRPInternals/HDRP-Editor-ref.asmref has no target assembly definition
'Packages/com.unity.cinemachine/Editor/Obsolete/CinemachineVirtualCameraBaseEditor.cs' contains partial class of Unity.Object, exactly 1 of the partial classes needs to be in a file with the same filename. This is to know the one that can be referenced from ie. GameObjects
'Packages/com.unity.cinemachine/Editor/Editors/CinemachineVirtualCameraBaseEditor.cs' contains partial class of Unity.Object, exactly 1 of the partial classes needs to be in a file with the same filename. This is to know the one that can be referenced from ie. GameObjects
Refreshing native plugins compatible for Editor in 1.35 ms, found 3 plugins.
Native extension for LinuxStandalone target not found
Native extension for iOS target not found
Native extension for Android target not found
Native extension for UWP target not found
Native extension for WindowsStandalone target not found
Failed to load: C:/Program Files/Unity 6000.0.38f1/Editor/Data/PlaybackEngines/VisionOSPlayer\x64\UnityEditor.VisionOS.Native.dll
Native extension for VisionOS target not found
Native extension for WebGL target not found
Assembly reference Packages/com.unity.cinemachine/Editor/Samples/ExposeHDRPInternals/HDRP-Editor-ref.asmref has no target assembly definition
Package Manager log level set to [2]
[Package Manager] Failed to launch server process. Reason: Unity was launched with the -noUpm command-line argument
[Package Manager] Unable to send message (not connected to server process).
[Package Manager] Cannot connect to Unity Package Manager local server
[Package Manager] Failed to launch server process. Reason: Unity was launched with the -noUpm command-line argument
[Package Manager] Unable to send message (not connected to server process).
[Package Manager] Cannot connect to Unity Package Manager local server
Refreshing native plugins compatible for Editor in 1.61 ms, found 3 plugins.
Mono: successfully reloaded assembly
- Finished resetting the current domain, in  1.274 seconds
Domain Reload Profiling: 2631ms
	BeginReloadAssembly (238ms)
		ExecutionOrderSort (0ms)
		DisableScriptedObjects (9ms)
		BackupInstance (0ms)
		ReleaseScriptingObjects (0ms)
		CreateAndSetChildDomain (39ms)
	RebuildCommonClasses (47ms)
	RebuildNativeTypeToScriptingClass (17ms)
	initialDomainReloadingComplete (55ms)
	LoadAllAssembliesAndSetupDomain (1001ms)
		LoadAssemblies (766ms)
		RebuildTransferFunctionScriptingTraits (0ms)
		AnalyzeDomain (380ms)
			TypeCache.Refresh (267ms)
				TypeCache.ScanAssembly (241ms)
			BuildScriptInfoCaches (90ms)
			ResolveRequiredComponents (18ms)
	FinalizeReload (1275ms)
		ReleaseScriptCaches (0ms)
		RebuildScriptCaches (0ms)
		SetupLoadedEditorAssemblies (1027ms)
			LogAssemblyErrors (0ms)
			InitializePlatformSupportModulesInManaged (45ms)
			SetLoadedEditorAssemblies (8ms)
			BeforeProcessingInitializeOnLoad (155ms)
			ProcessInitializeOnLoadAttributes (693ms)
			ProcessInitializeOnLoadMethodAttributes (118ms)
			AfterProcessingInitializeOnLoad (8ms)
			EditorAssembliesLoaded (0ms)
		ExecutionOrderSort2 (0ms)
		AwakeInstancesAfterBackupRestoration (9ms)
Launched and connected shader compiler UnityShaderCompiler.exe after 0.02 seconds
Refreshing native plugins compatible for Editor in 1.84 ms, found 3 plugins.
Preloading 0 native plugins for Editor in 0.00 ms.
Unloading 289 Unused Serialized files (Serialized files now loaded: 0)
Unloading 6403 unused Assets / (5.2 MB). Loaded Objects now: 7209.
Memory consumption went from 207.0 MB to 201.8 MB.
Total: 13.970600 ms (FindLiveObjects: 1.395000 ms CreateObjectMapping: 0.928800 ms MarkObjects: 7.520700 ms  DeleteObjects: 4.122800 ms)

========================================================================
Received Import Request.
  Time since last request: 18001.972069 seconds.
  path: Assets/SRC/Assets Baixados/OBJ/BigBarn.obj
  artifactKey: Guid(f2ada442f1e67c04b94a527e5b48b906) Importer(815301076,1909f56bfc062723c751e8b465ee728b)
Start importing Assets/SRC/Assets Baixados/OBJ/BigBarn.obj using Guid(f2ada442f1e67c04b94a527e5b48b906) Importer(815301076,1909f56bfc062723c751e8b465ee728b) (PreviewImporter) -> (artifact id: 'd24fe9ca429dce7ee162993a79cee1a5') in 1.0591193 seconds
Number of updated asset objects reloaded before import = 0Number of asset objects unloaded after import = 13

========================================================================
Received Import Request.
  Time since last request: 0.000059 seconds.
  path: Assets/SRC/Assets Baixados/OBJ/TowerWindmill.obj
  artifactKey: Guid(9694c507a43e1f74bb2fc2c4a032a5d1) Importer(815301076,1909f56bfc062723c751e8b465ee728b)
Start importing Assets/SRC/Assets Baixados/OBJ/TowerWindmill.obj using Guid(9694c507a43e1f74bb2fc2c4a032a5d1) Importer(815301076,1909f56bfc062723c751e8b465ee728b) (PreviewImporter) -> (artifact id: 'd80f23dbb74ef87c3d532c5b34645d25') in 0.1191382 seconds
Number of updated asset objects reloaded before import = 0Number of asset objects unloaded after import = 16

========================================================================
Received Import Request.
  Time since last request: 0.000083 seconds.
  path: Assets/SRC/Assets Baixados/OBJ/Silo_House.obj
  artifactKey: Guid(fdefb7aa5270d5a439bcc117379c0924) Importer(815301076,1909f56bfc062723c751e8b465ee728b)
Start importing Assets/SRC/Assets Baixados/OBJ/Silo_House.obj using Guid(fdefb7aa5270d5a439bcc117379c0924) Importer(815301076,1909f56bfc062723c751e8b465ee728b) (PreviewImporter) -> (artifact id: '0c90105039ff00cd46761322e514f024') in 0.1235019 seconds
Number of updated asset objects reloaded before import = 0Number of asset objects unloaded after import = 16

========================================================================
Received Import Request.
  Time since last request: 0.000061 seconds.
  path: Assets/SRC/Assets Baixados/OBJ/ChickenCoop.obj
  artifactKey: Guid(36402a9a295ae4c4d986dc6d8ae8c226) Importer(815301076,1909f56bfc062723c751e8b465ee728b)
Start importing Assets/SRC/Assets Baixados/OBJ/ChickenCoop.obj using Guid(36402a9a295ae4c4d986dc6d8ae8c226) Importer(815301076,1909f56bfc062723c751e8b465ee728b) (PreviewImporter) -> (artifact id: '02f77a255a69c6551012fe58d998b4ff') in 0.0922233 seconds
Number of updated asset objects reloaded before import = 0Number of asset objects unloaded after import = 14

========================================================================
Received Import Request.
  Time since last request: 0.000042 seconds.
  path: Assets/SRC/Assets Baixados/OBJ/SmallBarn.obj
  artifactKey: Guid(821f98445363dc4468cd03573eb5687f) Importer(815301076,1909f56bfc062723c751e8b465ee728b)
Start importing Assets/SRC/Assets Baixados/OBJ/SmallBarn.obj using Guid(821f98445363dc4468cd03573eb5687f) Importer(815301076,1909f56bfc062723c751e8b465ee728b) (PreviewImporter) -> (artifact id: '7761345e072e54175eed840d6e929a0e') in 0.1032367 seconds
Number of updated asset objects reloaded before import = 0Number of asset objects unloaded after import = 13

========================================================================
Received Import Request.
  Time since last request: 3.116444 seconds.
  path: Assets/SRC/Assets Baixados/OBJ/Windmill.obj
  artifactKey: Guid(6e55237826d00324988a4c5fc95e021c) Importer(815301076,1909f56bfc062723c751e8b465ee728b)
Start importing Assets/SRC/Assets Baixados/OBJ/Windmill.obj using Guid(6e55237826d00324988a4c5fc95e021c) Importer(815301076,1909f56bfc062723c751e8b465ee728b) (PreviewImporter) -> (artifact id: 'fadba35a3e70958eec2cd3b5acbcee91') in 0.0740532 seconds
Number of updated asset objects reloaded before import = 0Number of asset objects unloaded after import = 11

========================================================================
Received Import Request.
  Time since last request: 475.909815 seconds.
  path: Assets/SRC/Assets Baixados/Conquerror/Minimalist_Demon/Demon.prefab
  artifactKey: Guid(c814a1ff3b5a8c14686e8b7eee853b5e) Importer(815301076,1909f56bfc062723c751e8b465ee728b)
Start importing Assets/SRC/Assets Baixados/Conquerror/Minimalist_Demon/Demon.prefab using Guid(c814a1ff3b5a8c14686e8b7eee853b5e) Importer(815301076,1909f56bfc062723c751e8b465ee728b) (PreviewImporter) -> (artifact id: '24912fa816db2e393f281f9526a1a9f2') in 0.1740728 seconds
Number of updated asset objects reloaded before import = 0Number of asset objects unloaded after import = 180

========================================================================
Received Import Request.
  Time since last request: 9.477351 seconds.
  path: Assets/SRC/Assets Baixados/DenysAlmaral/CityPeople-FREE/Prefabs/casual_Female_K.prefab
  artifactKey: Guid(bcc8c8f342f71a7439ac0579aa86f030) Importer(815301076,1909f56bfc062723c751e8b465ee728b)
Start importing Assets/SRC/Assets Baixados/DenysAlmaral/CityPeople-FREE/Prefabs/casual_Female_K.prefab using Guid(bcc8c8f342f71a7439ac0579aa86f030) Importer(815301076,1909f56bfc062723c751e8b465ee728b) (PreviewImporter) -> (artifact id: 'fdf5c7523d08b36699b9db2d8901cdbe') in 0.3454057 seconds
Number of updated asset objects reloaded before import = 0Number of asset objects unloaded after import = 90

========================================================================
Received Import Request.
  Time since last request: 0.000109 seconds.
  path: Assets/SRC/Assets Baixados/DenysAlmaral/CityPeople-FREE/Prefabs/Doctor_Male_B.prefab
  artifactKey: Guid(314b13a2c4f89c74299eabc2a4c725c7) Importer(815301076,1909f56bfc062723c751e8b465ee728b)
Start importing Assets/SRC/Assets Baixados/DenysAlmaral/CityPeople-FREE/Prefabs/Doctor_Male_B.prefab using Guid(314b13a2c4f89c74299eabc2a4c725c7) Importer(815301076,1909f56bfc062723c751e8b465ee728b) (PreviewImporter) -> (artifact id: '715c7fddb918b0090b66b7319a0a41c6') in 0.083713 seconds
Number of updated asset objects reloaded before import = 0Number of asset objects unloaded after import = 92

========================================================================
Received Import Request.
  Time since last request: 0.000046 seconds.
  path: Assets/SRC/Assets Baixados/DenysAlmaral/CityPeople-FREE/Prefabs/casual_Male_G.prefab
  artifactKey: Guid(f71041fd118fbb34aa9d2dd6a1d96fce) Importer(815301076,1909f56bfc062723c751e8b465ee728b)
Start importing Assets/SRC/Assets Baixados/DenysAlmaral/CityPeople-FREE/Prefabs/casual_Male_G.prefab using Guid(f71041fd118fbb34aa9d2dd6a1d96fce) Importer(815301076,1909f56bfc062723c751e8b465ee728b) (PreviewImporter) -> (artifact id: '39af3d30b730d3a26dffd8e11e5cd750') in 0.0906008 seconds
Number of updated asset objects reloaded before import = 0Number of asset objects unloaded after import = 88

========================================================================
Received Import Request.
  Time since last request: 33.400266 seconds.
  path: Assets/SRC/Assets Baixados/SimplePoly City - Low Poly Assets/Models/Natures_Grass Bar.fbx
  artifactKey: Guid(60550932e430af1479cebb05e97130ae) Importer(815301076,1909f56bfc062723c751e8b465ee728b)
Start importing Assets/SRC/Assets Baixados/SimplePoly City - Low Poly Assets/Models/Natures_Grass Bar.fbx using Guid(60550932e430af1479cebb05e97130ae) Importer(815301076,1909f56bfc062723c751e8b465ee728b) (PreviewImporter) -> (artifact id: '072921ab013464ada7c234fb2e89b5f3') in 0.0344329 seconds
Number of updated asset objects reloaded before import = 0Number of asset objects unloaded after import = 9

========================================================================
Received Import Request.
  Time since last request: 0.000031 seconds.
  path: Assets/SRC/Assets Baixados/SimplePoly City - Low Poly Assets/Models/Natures_Grass Tile Small.fbx
  artifactKey: Guid(3163f2c03b1dac0419001ac5e42f8c0b) Importer(815301076,1909f56bfc062723c751e8b465ee728b)
Start importing Assets/SRC/Assets Baixados/SimplePoly City - Low Poly Assets/Models/Natures_Grass Tile Small.fbx using Guid(3163f2c03b1dac0419001ac5e42f8c0b) Importer(815301076,1909f56bfc062723c751e8b465ee728b) (PreviewImporter) -> (artifact id: 'ea59563a203aa7f213d28cd0541e6dee') in 0.0259265 seconds
Number of updated asset objects reloaded before import = 0Number of asset objects unloaded after import = 9

========================================================================
Received Import Request.
  Time since last request: 6.887394 seconds.
  path: Assets/SRC/Assets Baixados/SimplePoly City - Low Poly Assets/Models/Natures_Rock_small.fbx
  artifactKey: Guid(099a2df3d1c472a43907d07813eee880) Importer(815301076,1909f56bfc062723c751e8b465ee728b)
Start importing Assets/SRC/Assets Baixados/SimplePoly City - Low Poly Assets/Models/Natures_Rock_small.fbx using Guid(099a2df3d1c472a43907d07813eee880) Importer(815301076,1909f56bfc062723c751e8b465ee728b) (PreviewImporter) -> (artifact id: 'aa179fc2160a7d12d7de70169a24bf20') in 0.0285472 seconds
Number of updated asset objects reloaded before import = 0Number of asset objects unloaded after import = 9

========================================================================
Received Import Request.
  Time since last request: 0.798299 seconds.
  path: Assets/SRC/Assets Baixados/SimplePoly City - Low Poly Assets/Models/Props_BillBoard_medium.fbx
  artifactKey: Guid(9cd32fb6a80b79741880fce089ce77f6) Importer(815301076,1909f56bfc062723c751e8b465ee728b)
Start importing Assets/SRC/Assets Baixados/SimplePoly City - Low Poly Assets/Models/Props_BillBoard_medium.fbx using Guid(9cd32fb6a80b79741880fce089ce77f6) Importer(815301076,1909f56bfc062723c751e8b465ee728b) (PreviewImporter) -> (artifact id: 'efc3499fee8c252a329a41b5eac7d0d8') in 0.0325318 seconds
Number of updated asset objects reloaded before import = 0Number of asset objects unloaded after import = 9

========================================================================
Received Import Request.
  Time since last request: 0.743318 seconds.
  path: Assets/SRC/Assets Baixados/SimplePoly City - Low Poly Assets/Models/Props_Dustbin.fbx
  artifactKey: Guid(8b615931481e47849972f85e029c22cf) Importer(815301076,1909f56bfc062723c751e8b465ee728b)
Start importing Assets/SRC/Assets Baixados/SimplePoly City - Low Poly Assets/Models/Props_Dustbin.fbx using Guid(8b615931481e47849972f85e029c22cf) Importer(815301076,1909f56bfc062723c751e8b465ee728b) (PreviewImporter) -> (artifact id: 'f5c9e9d4a0bf8fc4ad2119f8f3035ae7') in 0.0383006 seconds
Number of updated asset objects reloaded before import = 0Number of asset objects unloaded after import = 9

========================================================================
Received Import Request.
  Time since last request: 0.433499 seconds.
  path: Assets/SRC/Assets Baixados/SimplePoly City - Low Poly Assets/Models/Props_Roof Helipad.fbx
  artifactKey: Guid(b602d657274d2c24b88fe0f3fa83287b) Importer(815301076,1909f56bfc062723c751e8b465ee728b)
Start importing Assets/SRC/Assets Baixados/SimplePoly City - Low Poly Assets/Models/Props_Roof Helipad.fbx using Guid(b602d657274d2c24b88fe0f3fa83287b) Importer(815301076,1909f56bfc062723c751e8b465ee728b) (PreviewImporter) -> (artifact id: 'deaf365d51faad9f72f0904b56969bea') in 0.028913 seconds
Number of updated asset objects reloaded before import = 0Number of asset objects unloaded after import = 9

========================================================================
Received Import Request.
  Time since last request: 1.341621 seconds.
  path: Assets/SRC/Assets Baixados/SimplePoly City - Low Poly Assets/Models/Props_Traffic Sign_stop.fbx
  artifactKey: Guid(ffcc7ab27000f2a4dbcc4ff9f0526b4d) Importer(815301076,1909f56bfc062723c751e8b465ee728b)
Start importing Assets/SRC/Assets Baixados/SimplePoly City - Low Poly Assets/Models/Props_Traffic Sign_stop.fbx using Guid(ffcc7ab27000f2a4dbcc4ff9f0526b4d) Importer(815301076,1909f56bfc062723c751e8b465ee728b) (PreviewImporter) -> (artifact id: 'e0221d3cac1adbf0ad367759fffed398') in 0.025335 seconds
Number of updated asset objects reloaded before import = 0Number of asset objects unloaded after import = 9

========================================================================
Received Import Request.
  Time since last request: 8.024014 seconds.
  path: Assets/SRC/Assets Baixados/SimplePoly City - Low Poly Assets/Models/Road Concrete Tile.fbx
  artifactKey: Guid(61c90ccd67ff728469bdcf9849269ad6) Importer(815301076,1909f56bfc062723c751e8b465ee728b)
Start importing Assets/SRC/Assets Baixados/SimplePoly City - Low Poly Assets/Models/Road Concrete Tile.fbx using Guid(61c90ccd67ff728469bdcf9849269ad6) Importer(815301076,1909f56bfc062723c751e8b465ee728b) (PreviewImporter) -> (artifact id: '3056e30de22c65c6e58c034650e313be') in 0.0329249 seconds
Number of updated asset objects reloaded before import = 0Number of asset objects unloaded after import = 9

========================================================================
Received Import Request.
  Time since last request: 0.781839 seconds.
  path: Assets/SRC/Assets Baixados/SimplePoly City - Low Poly Assets/Models/Road Intersection_01.fbx
  artifactKey: Guid(dd3c656fc0e01f746b07825c92b09beb) Importer(815301076,1909f56bfc062723c751e8b465ee728b)
Start importing Assets/SRC/Assets Baixados/SimplePoly City - Low Poly Assets/Models/Road Intersection_01.fbx using Guid(dd3c656fc0e01f746b07825c92b09beb) Importer(815301076,1909f56bfc062723c751e8b465ee728b) (PreviewImporter) -> (artifact id: '8fd6b6ef6d5a92bb77db8c4553bbf685') in 0.0266058 seconds
Number of updated asset objects reloaded before import = 0Number of asset objects unloaded after import = 9

========================================================================
Received Import Request.
  Time since last request: 0.678823 seconds.
  path: Assets/SRC/Assets Baixados/SimplePoly City - Low Poly Assets/Models/Road Lane_01.fbx
  artifactKey: Guid(e3c71c50de390ec4190b877211ba0717) Importer(815301076,1909f56bfc062723c751e8b465ee728b)
Start importing Assets/SRC/Assets Baixados/SimplePoly City - Low Poly Assets/Models/Road Lane_01.fbx using Guid(e3c71c50de390ec4190b877211ba0717) Importer(815301076,1909f56bfc062723c751e8b465ee728b) (PreviewImporter) -> (artifact id: 'a626a5df2ab2f1e2d75567ecdbcd86dd') in 0.0304226 seconds
Number of updated asset objects reloaded before import = 0Number of asset objects unloaded after import = 9

========================================================================
Received Import Request.
  Time since last request: 0.691394 seconds.
  path: Assets/SRC/Assets Baixados/SimplePoly City - Low Poly Assets/Models/Road Sidewalk.fbx
  artifactKey: Guid(be6b47deae1839141b5dea85228cfa3e) Importer(815301076,1909f56bfc062723c751e8b465ee728b)
Start importing Assets/SRC/Assets Baixados/SimplePoly City - Low Poly Assets/Models/Road Sidewalk.fbx using Guid(be6b47deae1839141b5dea85228cfa3e) Importer(815301076,1909f56bfc062723c751e8b465ee728b) (PreviewImporter) -> (artifact id: '8b18d9ead72a4ce4c80bc3552dc9f999') in 0.0245145 seconds
Number of updated asset objects reloaded before import = 0Number of asset objects unloaded after import = 9

========================================================================
Received Import Request.
  Time since last request: 0.735050 seconds.
  path: Assets/SRC/Assets Baixados/SimplePoly City - Low Poly Assets/Models/Road Tile.fbx
  artifactKey: Guid(7b654bd76adcefd44b4799d4290822fb) Importer(815301076,1909f56bfc062723c751e8b465ee728b)
Start importing Assets/SRC/Assets Baixados/SimplePoly City - Low Poly Assets/Models/Road Tile.fbx using Guid(7b654bd76adcefd44b4799d4290822fb) Importer(815301076,1909f56bfc062723c751e8b465ee728b) (PreviewImporter) -> (artifact id: '13319ddb9b906dea80cf25b07bf36cfa') in 0.0255719 seconds
Number of updated asset objects reloaded before import = 0Number of asset objects unloaded after import = 9

========================================================================
Received Import Request.
  Time since last request: 0.380758 seconds.
  path: Assets/SRC/Assets Baixados/SimplePoly City - Low Poly Assets/Models/Vehicle_Bus.fbx
  artifactKey: Guid(0d82ae0493e1c264bad0588fde0a3d8a) Importer(815301076,1909f56bfc062723c751e8b465ee728b)
Start importing Assets/SRC/Assets Baixados/SimplePoly City - Low Poly Assets/Models/Vehicle_Bus.fbx using Guid(0d82ae0493e1c264bad0588fde0a3d8a) Importer(815301076,1909f56bfc062723c751e8b465ee728b) (PreviewImporter) -> (artifact id: 'e25cc10edf11aa1ac1cda1052de01bc5') in 0.0242894 seconds
Number of updated asset objects reloaded before import = 0Number of asset objects unloaded after import = 9

========================================================================
Received Import Request.
  Time since last request: 0.108752 seconds.
  path: Assets/SRC/Assets Baixados/SimplePoly City - Low Poly Assets/Models/Vehicle_Container.fbx
  artifactKey: Guid(af2166692e99625489131a7bf2114bd6) Importer(815301076,1909f56bfc062723c751e8b465ee728b)
Start importing Assets/SRC/Assets Baixados/SimplePoly City - Low Poly Assets/Models/Vehicle_Container.fbx using Guid(af2166692e99625489131a7bf2114bd6) Importer(815301076,1909f56bfc062723c751e8b465ee728b) (PreviewImporter) -> (artifact id: '20a16f15d2d36111d29fd82b656d2394') in 0.0272361 seconds
Number of updated asset objects reloaded before import = 0Number of asset objects unloaded after import = 9

========================================================================
Received Import Request.
  Time since last request: 0.215859 seconds.
  path: Assets/SRC/Assets Baixados/SimplePoly City - Low Poly Assets/Models/Vehicle_Police Car.fbx
  artifactKey: Guid(c89ff10cad1be9a4e83cf49bf466e148) Importer(815301076,1909f56bfc062723c751e8b465ee728b)
Start importing Assets/SRC/Assets Baixados/SimplePoly City - Low Poly Assets/Models/Vehicle_Police Car.fbx using Guid(c89ff10cad1be9a4e83cf49bf466e148) Importer(815301076,1909f56bfc062723c751e8b465ee728b) (PreviewImporter) -> (artifact id: '6d63ed2b02793446c431b298143a38d8') in 0.0244556 seconds
Number of updated asset objects reloaded before import = 0Number of asset objects unloaded after import = 9

========================================================================
Received Import Request.
  Time since last request: 57.877327 seconds.
  path: Assets/SRC/Assets Baixados/Stylized NPC - Peasant Nolant/Textures/Peasant Nolant Yellow.png
  artifactKey: Guid(cd4d946f45eea7e409da2c45885aafad) Importer(815301076,1909f56bfc062723c751e8b465ee728b)
Start importing Assets/SRC/Assets Baixados/Stylized NPC - Peasant Nolant/Textures/Peasant Nolant Yellow.png using Guid(cd4d946f45eea7e409da2c45885aafad) Importer(815301076,1909f56bfc062723c751e8b465ee728b) (PreviewImporter) -> (artifact id: '742560bfad574e95d318cf4b2bda27ce') in 0.0953946 seconds
Number of updated asset objects reloaded before import = 0Number of asset objects unloaded after import = 2

========================================================================
Received Import Request.
  Time since last request: 25.757752 seconds.
  path: Assets/SRC/Assets/Assets/New Terrain 1.asset
  artifactKey: Guid(975f1f3633f775b4e9f134f5fcb52cf8) Importer(815301076,1909f56bfc062723c751e8b465ee728b)
Start importing Assets/SRC/Assets/Assets/New Terrain 1.asset using Guid(975f1f3633f775b4e9f134f5fcb52cf8) Importer(815301076,1909f56bfc062723c751e8b465ee728b) (PreviewImporter) -> (artifact id: '2f331f484a186b48784fae804577dfd8') in 0.0170468 seconds
Number of updated asset objects reloaded before import = 0Number of asset objects unloaded after import = 1

========================================================================
Received Import Request.
  Time since last request: 0.000084 seconds.
  path: Assets/SRC/Assets/Assets/NatureStarterKit2/Scene/SecondaryTerrain.asset
  artifactKey: Guid(7f570b916f436aa4c9d4676e57349fd4) Importer(815301076,1909f56bfc062723c751e8b465ee728b)
Start importing Assets/SRC/Assets/Assets/NatureStarterKit2/Scene/SecondaryTerrain.asset using Guid(7f570b916f436aa4c9d4676e57349fd4) Importer(815301076,1909f56bfc062723c751e8b465ee728b) (PreviewImporter) -> (artifact id: '16652a59891eebf310431833b78f788a') in 0.2269222 seconds
Number of updated asset objects reloaded before import = 0Number of asset objects unloaded after import = 101

========================================================================
Received Import Request.
  Time since last request: 21.296669 seconds.
  path: Assets/SRC/Assets/Assets/NatureStarterKit2/Materials/branch02.mat
  artifactKey: Guid(a907919643f983d49835ca9a994e37d4) Importer(815301076,1909f56bfc062723c751e8b465ee728b)
Start importing Assets/SRC/Assets/Assets/NatureStarterKit2/Materials/branch02.mat using Guid(a907919643f983d49835ca9a994e37d4) Importer(815301076,1909f56bfc062723c751e8b465ee728b) (PreviewImporter) -> (artifact id: 'f291652d09c797464f8486cd57e51afd') in 0.0537479 seconds
Number of updated asset objects reloaded before import = 0Number of asset objects unloaded after import = 2

========================================================================
Received Import Request.
  Time since last request: 0.000049 seconds.
  path: Assets/SRC/Assets/Assets/NatureStarterKit2/Materials/bush02.mat
  artifactKey: Guid(42375d2e1d7b61744887ddc5186b7605) Importer(815301076,1909f56bfc062723c751e8b465ee728b)
Start importing Assets/SRC/Assets/Assets/NatureStarterKit2/Materials/bush02.mat using Guid(42375d2e1d7b61744887ddc5186b7605) Importer(815301076,1909f56bfc062723c751e8b465ee728b) (PreviewImporter) -> (artifact id: '5a2b8f77bf0a4343b5ed4525c1db6e02') in 0.0252781 seconds
Number of updated asset objects reloaded before import = 0Number of asset objects unloaded after import = 2

========================================================================
Received Import Request.
  Time since last request: 18.944409 seconds.
  path: Assets/SRC/Assets/Assets/Settings/PC_RPAsset.asset
  artifactKey: Guid(d6f4066211addc04084f8a649a1ae531) Importer(815301076,1909f56bfc062723c751e8b465ee728b)
Start importing Assets/SRC/Assets/Assets/Settings/PC_RPAsset.asset using Guid(d6f4066211addc04084f8a649a1ae531) Importer(815301076,1909f56bfc062723c751e8b465ee728b) (PreviewImporter) -> (artifact id: '64980f68c317d18fb72ef06959bfb8b7') in 0.0094646 seconds
Number of updated asset objects reloaded before import = 0Number of asset objects unloaded after import = 1

========================================================================
Received Import Request.
  Time since last request: 1.895668 seconds.
  path: Assets/SRC/Assets/Assets/SimpleNaturePack/Prefabs/Bush_03.prefab
  artifactKey: Guid(34d3f526198dae440bb2ce6005d86055) Importer(815301076,1909f56bfc062723c751e8b465ee728b)
Start importing Assets/SRC/Assets/Assets/SimpleNaturePack/Prefabs/Bush_03.prefab using Guid(34d3f526198dae440bb2ce6005d86055) Importer(815301076,1909f56bfc062723c751e8b465ee728b) (PreviewImporter) -> (artifact id: '03c596c4747e9c7d30e2a8f0c9acd20a') in 0.0255668 seconds
Number of updated asset objects reloaded before import = 0Number of asset objects unloaded after import = 18

========================================================================
Received Import Request.
  Time since last request: 1.599210 seconds.
  path: Assets/SRC/Assets/Assets/SimpleNaturePack/Prefabs/Rock_04.prefab
  artifactKey: Guid(f02116c209ecd9e488fc4d2cd8996133) Importer(815301076,1909f56bfc062723c751e8b465ee728b)
Start importing Assets/SRC/Assets/Assets/SimpleNaturePack/Prefabs/Rock_04.prefab using Guid(f02116c209ecd9e488fc4d2cd8996133) Importer(815301076,1909f56bfc062723c751e8b465ee728b) (PreviewImporter) -> (artifact id: 'be1b931faf123c43a93932ebc6fc1a82') in 0.021516 seconds
Number of updated asset objects reloaded before import = 0Number of asset objects unloaded after import = 10

========================================================================
Received Import Request.
  Time since last request: 26.408635 seconds.
  path: Packages/com.unity.render-pipelines.core/Editor/LookDev/Icons/Environment@2x.png
  artifactKey: Guid(515b65dc95319f3409d6b0b5f866ac33) Importer(815301076,1909f56bfc062723c751e8b465ee728b)
Start importing Packages/com.unity.render-pipelines.core/Editor/LookDev/Icons/Environment@2x.png using Guid(515b65dc95319f3409d6b0b5f866ac33) Importer(815301076,1909f56bfc062723c751e8b465ee728b) (PreviewImporter) -> (artifact id: '05e2627d5df1e4bf03efd12147e1800e') in 0.0945209 seconds
Number of updated asset objects reloaded before import = 0Number of asset objects unloaded after import = 3

========================================================================
Received Import Request.
  Time since last request: 123.817622 seconds.
  path: Assets/SRC/Assets/Assets/InputSystem_Actions.inputactions
  artifactKey: Guid(3e485833980b31d40b5b269bace8d9e8) Importer(815301076,1909f56bfc062723c751e8b465ee728b)
Start importing Assets/SRC/Assets/Assets/InputSystem_Actions.inputactions using Guid(3e485833980b31d40b5b269bace8d9e8) Importer(815301076,1909f56bfc062723c751e8b465ee728b) (PreviewImporter) -> (artifact id: '42ac93660d12dd60cc5d4c3b000ea8d8') in 0.0618013 seconds
Number of updated asset objects reloaded before import = 0Number of asset objects unloaded after import = 20

========================================================================
Received Import Request.
  Time since last request: 108.335727 seconds.
  path: Assets/SRC/Assets Baixados/Stylized NPC - Peasant Nolant/Textures/Peasant Nolant Brown.png
  artifactKey: Guid(0c6db0d88664c7847a854ccc20f8dffd) Importer(815301076,1909f56bfc062723c751e8b465ee728b)
Start importing Assets/SRC/Assets Baixados/Stylized NPC - Peasant Nolant/Textures/Peasant Nolant Brown.png using Guid(0c6db0d88664c7847a854ccc20f8dffd) Importer(815301076,1909f56bfc062723c751e8b465ee728b) (PreviewImporter) -> (artifact id: '9f64f6fb22f5269693a1204bd92ee07a') in 0.0245346 seconds
Number of updated asset objects reloaded before import = 0Number of asset objects unloaded after import = 2

========================================================================
Received Import Request.
  Time since last request: 1477.152349 seconds.
  path: Assets/SRC/Assets Baixados/Stylized NPC - Peasant Nolant/Prefabs/Peasant Nolant Brown(Free Version).prefab
  artifactKey: Guid(3c0b66c1fb55cd34994e034186a852c1) Importer(815301076,1909f56bfc062723c751e8b465ee728b)
Start importing Assets/SRC/Assets Baixados/Stylized NPC - Peasant Nolant/Prefabs/Peasant Nolant Brown(Free Version).prefab using Guid(3c0b66c1fb55cd34994e034186a852c1) Importer(815301076,1909f56bfc062723c751e8b465ee728b) (PreviewImporter) -> (artifact id: 'd6a0b94c73a6481ac1dc4012ec771a5d') in 0.0882286 seconds
Number of updated asset objects reloaded before import = 0Number of asset objects unloaded after import = 114

========================================================================
Received Import Request.
  Time since last request: 2.036553 seconds.
  path: Assets/SRC/Assets Baixados/Stylized NPC - Peasant Nolant/Materials/Peasant Nolant Blue 1.mat
  artifactKey: Guid(55c9e4715e9fc3648b639f68b2c48537) Importer(815301076,1909f56bfc062723c751e8b465ee728b)
Start importing Assets/SRC/Assets Baixados/Stylized NPC - Peasant Nolant/Materials/Peasant Nolant Blue 1.mat using Guid(55c9e4715e9fc3648b639f68b2c48537) Importer(815301076,1909f56bfc062723c751e8b465ee728b) (PreviewImporter) -> (artifact id: '6f8bf7ae6363a17e2734d84085fab4ca') in 0.020873 seconds
Number of updated asset objects reloaded before import = 0Number of asset objects unloaded after import = 2

========================================================================
Received Import Request.
  Time since last request: 0.000034 seconds.
  path: Assets/SRC/Assets Baixados/Stylized NPC - Peasant Nolant/Materials/Peasant Nolant Brown.mat
  artifactKey: Guid(9906f4dad73679a438ff342ed90aea44) Importer(815301076,1909f56bfc062723c751e8b465ee728b)
Start importing Assets/SRC/Assets Baixados/Stylized NPC - Peasant Nolant/Materials/Peasant Nolant Brown.mat using Guid(9906f4dad73679a438ff342ed90aea44) Importer(815301076,1909f56bfc062723c751e8b465ee728b) (PreviewImporter) -> (artifact id: 'cc3349e49d85b1a1e1d5c2e8ddf79206') in 0.021548 seconds
Number of updated asset objects reloaded before import = 0Number of asset objects unloaded after import = 2

========================================================================
Received Import Request.
  Time since last request: 0.000043 seconds.
  path: Assets/SRC/Assets Baixados/Stylized NPC - Peasant Nolant/Materials/Peasant Nolant Green 1.mat
  artifactKey: Guid(f2d1a71b279839f4d8756d824745a692) Importer(815301076,1909f56bfc062723c751e8b465ee728b)
Start importing Assets/SRC/Assets Baixados/Stylized NPC - Peasant Nolant/Materials/Peasant Nolant Green 1.mat using Guid(f2d1a71b279839f4d8756d824745a692) Importer(815301076,1909f56bfc062723c751e8b465ee728b) (PreviewImporter) -> (artifact id: 'f82075716f98edf0e808920e784ea947') in 0.0279119 seconds
Number of updated asset objects reloaded before import = 0Number of asset objects unloaded after import = 2

